[04:45:44] [main/INFO] ========================================
[04:45:44] [main/INFO] Minecraft: 1.21.8
[04:45:44] [main/INFO] Side: server
[04:45:44] [main/INFO] Development: false
[04:45:44] [main/INFO] Version: 20.0.810
[04:45:44] [main/INFO] Loader:
[04:45:44] [main/INFO] - Fabric: 0.16.14
[04:45:44] [main/INFO] - Fabric API: 0.133.4+1.21.8
[04:45:44] [main/INFO] Dependencies:
[04:45:44] [main/INFO] - Cloth Config: 19.0.147
[04:45:44] [main/INFO] - Architectury: 17.0.8
[04:45:44] [main/INFO] Mixin: 0.8.7
[04:45:44] [main/INFO] OS: Linux 6.8.0-1030-azure (amd64)
[04:45:44] [main/INFO] Java: 21.0.8 (Ubuntu)
[04:45:44] [main/INFO] ========================================
[04:45:44] [main/INFO] Mods:
[04:45:44] [main/INFO] - architectury: 17.0.8
[04:45:44] [main/INFO] - cloth-basic-math: 0.6.1
[04:45:44] [main/INFO] - cloth-config: 19.0.147
[04:45:44] [main/INFO] - cloth-config: 19.0.147
[04:45:44] [main/INFO] - error_notifier: 1.0.11
[04:45:44] [main/INFO] - fabric-api: 0.133.4+1.21.8
[04:45:44] [main/INFO] - fabric-api: 0.133.4+1.21.8
[04:45:44] [main/INFO] - fabric-api-base: 0.5.0+cd8c0daa2c
[04:45:44] [main/INFO] - fabric-api-lookup-api-v1: 1.6.101+946bf4c32c
[04:45:44] [main/INFO] - fabric-biome-api-v1: 16.0.11+946bf4c32c
[04:45:44] [main/INFO] - fabric-block-api-v1: 1.1.3+946bf4c32c
[04:45:44] [main/INFO] - fabric-block-view-api-v2: 1.0.31+946bf4c32c
[04:45:44] [main/INFO] - fabric-command-api-v2: 2.3.1+52fff9ec2c
[04:45:44] [main/INFO] - fabric-content-registries-v0: 10.1.0+c75de69d2c
[04:45:44] [main/INFO] - fabric-convention-tags-v1: 2.1.41+7f945d5b2c
[04:45:44] [main/INFO] - fabric-convention-tags-v2: 2.15.6+eb5df52f2c
[04:45:44] [main/INFO] - fabric-crash-report-info-v1: 0.3.15+946bf4c32c
[04:45:44] [main/INFO] - fabric-data-attachment-api-v1: 1.8.13+38b5f74e2c
[04:45:44] [main/INFO] - fabric-data-generation-api-v1: 23.2.7+0b1ef9762c
[04:45:44] [main/INFO] - fabric-dimensions-v1: 4.0.20+948fc79a2c
[04:45:44] [main/INFO] - fabric-entity-events-v1: 2.1.2+c9e472732c
[04:45:44] [main/INFO] - fabric-events-interaction-v0: 4.0.25+946bf4c32c
[04:45:44] [main/INFO] - fabric-game-rule-api-v1: 1.0.73+c64c9c5b2c
[04:45:44] [main/INFO] - fabric-item-api-v1: 11.5.0+02ce13f42c
[04:45:44] [main/INFO] - fabric-item-group-api-v1: 4.2.14+c5f9bbc12c
[04:45:44] [main/INFO] - fabric-language-kotlin: 1.13.6+kotlin.2.2.20
[04:45:44] [main/INFO] - fabric-lifecycle-events-v1: 2.6.4+db4dfd852c
[04:45:44] [main/INFO] - fabric-loot-api-v2: 3.0.56+3f89f5a52c
[04:45:44] [main/INFO] - fabric-loot-api-v3: 2.0.3+946bf4c32c
[04:45:44] [main/INFO] - fabric-message-api-v1: 6.1.2+946bf4c32c
[04:45:44] [main/INFO] - fabric-networking-api-v1: 5.0.3+4ddbf91b2c
[04:45:44] [main/INFO] - fabric-object-builder-api-v1: 21.1.9+946bf4c32c
[04:45:44] [main/INFO] - fabric-particles-v1: 4.1.9+946bf4c32c
[04:45:44] [main/INFO] - fabric-recipe-api-v1: 8.1.16+946bf4c32c
[04:45:44] [main/INFO] - fabric-registry-sync-v0: 6.1.29+946bf4c32c
[04:45:44] [main/INFO] - fabric-rendering-fluids-v1: 3.1.31+fa6cb72b2c
[04:45:44] [main/INFO] - fabric-resource-conditions-api-v1: 5.0.25+98e6d6db2c
[04:45:44] [main/INFO] - fabric-resource-loader-v0: 3.1.12+020423442c
[04:45:44] [main/INFO] - fabric-screen-handler-api-v1: 1.3.138+946bf4c32c
[04:45:44] [main/INFO] - fabric-serialization-api-v1: 1.0.0+fc0e5aba2c
[04:45:44] [main/INFO] - fabric-tag-api-v1: 1.2.2+946bf4c32c
[04:45:44] [main/INFO] - fabric-transfer-api-v1: 6.0.6+946bf4c32c
[04:45:44] [main/INFO] - fabric-transitive-access-wideners-v1: 6.5.0+c847ce762c
[04:45:44] [main/INFO] - fabricloader: 0.16.14
[04:45:44] [main/INFO] - fallingtree: 1.21.8.1
[04:45:44] [main/INFO] - farmersdelight: 1.21.8-3.2.5+refabricated
[04:45:44] [main/INFO] - java: 21
[04:45:44] [main/INFO] - minecraft: 1.21.8
[04:45:44] [main/INFO] - mixinextras: 0.4.1
[04:45:44] [main/INFO] - mm: 2.3
[04:45:44] [main/INFO] - org_jetbrains_kotlin_kotlin-reflect: 2.2.20
[04:45:44] [main/INFO] - org_jetbrains_kotlin_kotlin-stdlib: 2.2.20
[04:45:44] [main/INFO] - org_jetbrains_kotlin_kotlin-stdlib-jdk7: 2.2.20
[04:45:44] [main/INFO] - org_jetbrains_kotlin_kotlin-stdlib-jdk8: 2.2.20
[04:45:44] [main/INFO] - org_jetbrains_kotlinx_atomicfu-jvm: 0.29.0
[04:45:44] [main/INFO] - org_jetbrains_kotlinx_kotlinx-coroutines-core-jvm: 1.10.2
[04:45:44] [main/INFO] - org_jetbrains_kotlinx_kotlinx-coroutines-jdk8: 1.10.2
[04:45:44] [main/INFO] - org_jetbrains_kotlinx_kotlinx-datetime-jvm: 0.7.1
[04:45:44] [main/INFO] - org_jetbrains_kotlinx_kotlinx-io-bytestring-jvm: 0.8.0
[04:45:44] [main/INFO] - org_jetbrains_kotlinx_kotlinx-io-core-jvm: 0.8.0
[04:45:44] [main/INFO] - org_jetbrains_kotlinx_kotlinx-serialization-cbor-jvm: 1.9.0
[04:45:44] [main/INFO] - org_jetbrains_kotlinx_kotlinx-serialization-core-jvm: 1.9.0
[04:45:44] [main/INFO] - org_jetbrains_kotlinx_kotlinx-serialization-json-jvm: 1.9.0
[04:45:44] [main/INFO] - roughlyenoughitems: 20.0.810
[04:45:44] [main/INFO] ========================================
[04:45:44] [main/INFO] [REI] Registered plugin provider CommonREIPlugin [farmersdelight] for REICommonPlugin
[04:45:44] [main/INFO] [REI] Registered plugin provider DefaultPlugin [roughlyenoughitems] for REICommonPlugin
[04:45:44] [main/INFO] [REI] Registered plugin provider DefaultRuntimePlugin [roughlyenoughitems] for REICommonPlugin
[04:45:44] [main/INFO] [REI] Registered plugin provider FabricFluidAPISupportPlugin for REICommonPlugin
[04:45:44] [main/DEBUG] [REI] Processed 5 tags in 566.4 μs for minecraft:game_event
[04:45:44] [main/DEBUG] [REI] Processed 515 tags in 3.093 ms for minecraft:item
[04:45:44] [main/DEBUG] [REI] Processed 47 tags in 212.9 μs for minecraft:entity_type
[04:45:44] [main/DEBUG] [REI] Processed 342 tags in 1.970 ms for minecraft:block
[04:45:44] [main/DEBUG] [REI] Processed 5 tags in 20.45 μs for minecraft:fluid
[04:45:44] [main/DEBUG] [REI] Processed 3 tags in 64.73 μs for minecraft:point_of_interest_type
[04:45:45] [Worker-Main-3/DEBUG] [REI] Processed 1 tags in 55.92 μs for minecraft:block
[04:45:45] [Worker-Main-3/DEBUG] [REI] Processed 1 tags in 25.27 μs for minecraft:entity_type
[04:45:50] [Server thread/DEBUG] [REI] Starting Reload Plugins of stage null
java.lang.Throwable
	at knot//me.shedaniel.rei.impl.common.plugins.ReloadManagerImpl.reloadPlugins(ReloadManagerImpl.java:110)
	at knot//me.shedaniel.rei.RoughlyEnoughItemsCore.lambda$onInitialize$5(RoughlyEnoughItemsCore.java:157)
	at knot//dev.architectury.event.fabric.EventHandlerImpl.lambda$registerCommon$10(EventHandlerImpl.java:67)
	at knot//net.fabricmc.fabric.api.event.lifecycle.v1.ServerLifecycleEvents.lambda$static$2(ServerLifecycleEvents.java:49)
	at knot//net.minecraft.server.MinecraftServer.handler$zgm000$fabric-lifecycle-events-v1$afterSetupServer(MinecraftServer.java:2702)
	at knot//net.minecraft.server.MinecraftServer.method_29741(MinecraftServer.java:676)
	at knot//net.minecraft.server.MinecraftServer.method_29739(MinecraftServer.java:291)
	at java.base/java.lang.Thread.run(Thread.java:1583)
[04:45:50] [Server thread/DEBUG] [REI] ========================================
[04:45:50] [Server thread/DEBUG] [REI] REICommonPlugin starting pre-reload for START.
[04:45:50] [Server thread/DEBUG] [REI] Reloadables (8):
[04:45:50] [Server thread/DEBUG] [REI]  - SlotAccessorRegistryImpl
[04:45:50] [Server thread/DEBUG] [REI]  - EntryTypeRegistryImpl
[04:45:50] [Server thread/DEBUG] [REI]  - EntrySettingsAdapterRegistryImpl
[04:45:50] [Server thread/DEBUG] [REI]  - ItemComparatorRegistryImpl
[04:45:50] [Server thread/DEBUG] [REI]  - FluidComparatorRegistryImpl
[04:45:50] [Server thread/DEBUG] [REI]  - DisplaySerializerRegistryImpl
[04:45:50] [Server thread/DEBUG] [REI]  - ServerDisplayRegistryImpl
[04:45:50] [Server thread/DEBUG] [REI]  - FluidSupportProviderImpl
[04:45:50] [Server thread/DEBUG] [REI] Plugins (4):
[04:45:50] [Server thread/DEBUG] [REI]  - (-100.00) DefaultPlugin of DefaultPlugin [roughlyenoughitems]
[04:45:50] [Server thread/DEBUG] [REI]  - (0.00) FabricFluidAPISupportPlugin
[04:45:50] [Server thread/DEBUG] [REI]  - (0.00) DefaultRuntimePlugin of DefaultRuntimePlugin [roughlyenoughitems]
[04:45:50] [Server thread/DEBUG] [REI]  - (0.00) CommonREIPlugin of CommonREIPlugin [farmersdelight]
[04:45:50] [Server thread/DEBUG] [REI] ========================================
[04:45:50] [Server thread/TRACE] [REI] [REICommonPlugin START] Reloading Section: "pre-register/"
[04:45:50] [Server thread/TRACE] [REI] [REICommonPlugin START] Reloading Section: "pre-register/DefaultPlugin of DefaultPlugin [roughlyenoughitems]/"
[04:45:50] [Server thread/TRACE] [REI] [REICommonPlugin START] Reloading Section: "pre-register/DefaultPlugin of DefaultPlugin [roughlyenoughitems]/" done in 748.7 μs
[04:45:50] [Server thread/TRACE] [REI] [REICommonPlugin START] Reloading Section: "pre-register/FabricFluidAPISupportPlugin/"
[04:45:50] [Server thread/TRACE] [REI] [REICommonPlugin START] Reloading Section: "pre-register/FabricFluidAPISupportPlugin/" done in 45.79 μs
[04:45:50] [Server thread/TRACE] [REI] [REICommonPlugin START] Reloading Section: "pre-register/DefaultRuntimePlugin of DefaultRuntimePlugin [roughlyenoughitems]/"
[04:45:50] [Server thread/TRACE] [REI] [REICommonPlugin START] Reloading Section: "pre-register/DefaultRuntimePlugin of DefaultRuntimePlugin [roughlyenoughitems]/" done in 62.13 μs
[04:45:50] [Server thread/TRACE] [REI] [REICommonPlugin START] Reloading Section: "pre-register/CommonREIPlugin of CommonREIPlugin [farmersdelight]/"
[04:45:50] [Server thread/TRACE] [REI] [REICommonPlugin START] Reloading Section: "pre-register/CommonREIPlugin of CommonREIPlugin [farmersdelight]/" done in 55.80 μs
[04:45:50] [Server thread/TRACE] [REI] [REICommonPlugin START] Reloading Section: "pre-register/" done in 6.702 ms
[04:45:50] [Server thread/TRACE] [REI] [REICommonPlugin START] Reloading Section: "pre-stage/"
[04:45:50] [Server thread/TRACE] [REI] [REICommonPlugin START] Reloading Section: "pre-stage/SlotAccessorRegistryImpl/"
[04:45:50] [Server thread/TRACE] [REI] [REICommonPlugin START] Reloading Section: "pre-stage/SlotAccessorRegistryImpl/" done in 157.5 μs
[04:45:50] [Server thread/TRACE] [REI] [REICommonPlugin START] Reloading Section: "pre-stage/EntryTypeRegistryImpl/"
[04:45:50] [Server thread/TRACE] [REI] [REICommonPlugin START] Reloading Section: "pre-stage/EntryTypeRegistryImpl/" done in 67.31 μs
[04:45:50] [Server thread/TRACE] [REI] [REICommonPlugin START] Reloading Section: "pre-stage/EntrySettingsAdapterRegistryImpl/"
[04:45:50] [Server thread/TRACE] [REI] [REICommonPlugin START] Reloading Section: "pre-stage/EntrySettingsAdapterRegistryImpl/" done in 79.78 μs
[04:45:50] [Server thread/TRACE] [REI] [REICommonPlugin START] Reloading Section: "pre-stage/ItemComparatorRegistryImpl/"
[04:45:50] [Server thread/TRACE] [REI] [REICommonPlugin START] Reloading Section: "pre-stage/ItemComparatorRegistryImpl/" done in 53.96 μs
[04:45:50] [Server thread/TRACE] [REI] [REICommonPlugin START] Reloading Section: "pre-stage/FluidComparatorRegistryImpl/"
[04:45:50] [Server thread/TRACE] [REI] [REICommonPlugin START] Reloading Section: "pre-stage/FluidComparatorRegistryImpl/" done in 55.31 μs
[04:45:50] [Server thread/TRACE] [REI] [REICommonPlugin START] Reloading Section: "pre-stage/DisplaySerializerRegistryImpl/"
[04:45:50] [Server thread/TRACE] [REI] [REICommonPlugin START] Reloading Section: "pre-stage/DisplaySerializerRegistryImpl/" done in 52.04 μs
[04:45:50] [Server thread/TRACE] [REI] [REICommonPlugin START] Reloading Section: "pre-stage/ServerDisplayRegistryImpl/"
[04:45:50] [Server thread/TRACE] [REI] [REICommonPlugin START] Reloading Section: "pre-stage/ServerDisplayRegistryImpl/" done in 52.41 μs
[04:45:50] [Server thread/TRACE] [REI] [REICommonPlugin START] Reloading Section: "pre-stage/FluidSupportProviderImpl/"
[04:45:50] [Server thread/TRACE] [REI] [REICommonPlugin START] Reloading Section: "pre-stage/FluidSupportProviderImpl/" done in 58.91 μs
[04:45:50] [Server thread/TRACE] [REI] [REICommonPlugin START] Reloading Section: "pre-stage/" done in 1.738 ms
[04:45:50] [Server thread/DEBUG] [REI] ========================================
[04:45:50] [Server thread/DEBUG] [REI] REICommonPlugin finished pre-reload for START in 8.838 ms.
[04:45:50] [Server thread/DEBUG] [REI] ========================================
[04:45:50] [Server thread/INFO] [REI] ++++++++++++++++++++++++++++++++++++++++
[04:45:50] [Server thread/INFO] [REI] REICommonPlugin starting main-reload for START.
[04:45:50] [Server thread/DEBUG] [REI] Reloadables (8):
[04:45:50] [Server thread/DEBUG] [REI]  - SlotAccessorRegistryImpl
[04:45:50] [Server thread/DEBUG] [REI]  - EntryTypeRegistryImpl
[04:45:50] [Server thread/DEBUG] [REI]  - EntrySettingsAdapterRegistryImpl
[04:45:50] [Server thread/DEBUG] [REI]  - ItemComparatorRegistryImpl
[04:45:50] [Server thread/DEBUG] [REI]  - FluidComparatorRegistryImpl
[04:45:50] [Server thread/DEBUG] [REI]  - DisplaySerializerRegistryImpl
[04:45:50] [Server thread/DEBUG] [REI]  - ServerDisplayRegistryImpl
[04:45:50] [Server thread/DEBUG] [REI]  - FluidSupportProviderImpl
[04:45:50] [Server thread/INFO] [REI] Plugins (4):
[04:45:50] [Server thread/INFO] [REI]  - (-100.00) DefaultPlugin of DefaultPlugin [roughlyenoughitems]
[04:45:50] [Server thread/INFO] [REI]  - (0.00) FabricFluidAPISupportPlugin
[04:45:50] [Server thread/INFO] [REI]  - (0.00) DefaultRuntimePlugin of DefaultRuntimePlugin [roughlyenoughitems]
[04:45:50] [Server thread/INFO] [REI]  - (0.00) CommonREIPlugin of CommonREIPlugin [farmersdelight]
[04:45:50] [Server thread/INFO] [REI] ++++++++++++++++++++++++++++++++++++++++
[04:45:50] [Server thread/TRACE] [REI] [REICommonPlugin START] Reloading Section: "start-reload/"
[04:45:50] [Server thread/TRACE] [REI] [REICommonPlugin START] Reloading Section: "start-reload/SlotAccessorRegistryImpl/"
[04:45:50] [Server thread/TRACE] [REI] [REICommonPlugin START] Reloading Section: "start-reload/SlotAccessorRegistryImpl/" done in 77.96 μs
[04:45:50] [Server thread/TRACE] [REI] [REICommonPlugin START] Reloading Section: "start-reload/EntryTypeRegistryImpl/"
[04:45:50] [Server thread/TRACE] [REI] [REICommonPlugin START] Reloading Section: "start-reload/EntryTypeRegistryImpl/" done in 80.10 μs
[04:45:50] [Server thread/TRACE] [REI] [REICommonPlugin START] Reloading Section: "start-reload/EntrySettingsAdapterRegistryImpl/"
[04:45:50] [Server thread/TRACE] [REI] [REICommonPlugin START] Reloading Section: "start-reload/EntrySettingsAdapterRegistryImpl/" done in 50.56 μs
[04:45:50] [Server thread/TRACE] [REI] [REICommonPlugin START] Reloading Section: "start-reload/ItemComparatorRegistryImpl/"
[04:45:50] [Server thread/TRACE] [REI] [REICommonPlugin START] Reloading Section: "start-reload/ItemComparatorRegistryImpl/" done in 71.31 μs
[04:45:50] [Server thread/TRACE] [REI] [REICommonPlugin START] Reloading Section: "start-reload/FluidComparatorRegistryImpl/"
[04:45:50] [Server thread/TRACE] [REI] [REICommonPlugin START] Reloading Section: "start-reload/FluidComparatorRegistryImpl/" done in 55.49 μs
[04:45:50] [Server thread/TRACE] [REI] [REICommonPlugin START] Reloading Section: "start-reload/DisplaySerializerRegistryImpl/"
[04:45:50] [Server thread/TRACE] [REI] [REICommonPlugin START] Reloading Section: "start-reload/DisplaySerializerRegistryImpl/" done in 78.02 μs
[04:45:50] [Server thread/TRACE] [REI] [REICommonPlugin START] Reloading Section: "start-reload/ServerDisplayRegistryImpl/"
[04:45:50] [Server thread/TRACE] [REI] [REICommonPlugin START] Reloading Section: "start-reload/ServerDisplayRegistryImpl/" done in 49.68 μs
[04:45:50] [Server thread/TRACE] [REI] [REICommonPlugin START] Reloading Section: "start-reload/FluidSupportProviderImpl/"
[04:45:50] [Server thread/TRACE] [REI] [REICommonPlugin START] Reloading Section: "start-reload/FluidSupportProviderImpl/" done in 73.45 μs
[04:45:50] [Server thread/TRACE] [REI] [REICommonPlugin START] Reloading Section: "start-reload/" done in 1.700 ms
[04:45:50] [Server thread/DEBUG] [REI] ========================================
[04:45:50] [Server thread/DEBUG] [REI] REICommonPlugin started main-reload for START.
[04:45:50] [Server thread/DEBUG] [REI] ========================================
[04:45:50] [Server thread/TRACE] [REI] [REICommonPlugin START] Reloading Section: "reloadable-plugin/SlotAccessorRegistryImpl/"
[04:45:50] [Server thread/TRACE] [REI] [REICommonPlugin START] Reloading Section: "reloadable-plugin/SlotAccessorRegistryImpl/DefaultPlugin of DefaultPlugin [roughlyenoughitems]/"
[04:45:50] [Server thread/TRACE] [REI] [REICommonPlugin START] Reloading Section: "reloadable-plugin/SlotAccessorRegistryImpl/DefaultPlugin of DefaultPlugin [roughlyenoughitems]/" done in 288.7 μs
[04:45:50] [Server thread/TRACE] [REI] [REICommonPlugin START] Reloading Section: "reloadable-plugin/SlotAccessorRegistryImpl/FabricFluidAPISupportPlugin/"
[04:45:50] [Server thread/TRACE] [REI] [REICommonPlugin START] Reloading Section: "reloadable-plugin/SlotAccessorRegistryImpl/FabricFluidAPISupportPlugin/" done in 61.71 μs
[04:45:50] [Server thread/TRACE] [REI] [REICommonPlugin START] Reloading Section: "reloadable-plugin/SlotAccessorRegistryImpl/DefaultRuntimePlugin of DefaultRuntimePlugin [roughlyenoughitems]/"
[04:45:50] [Server thread/TRACE] [REI] [REICommonPlugin START] Reloading Section: "reloadable-plugin/SlotAccessorRegistryImpl/DefaultRuntimePlugin of DefaultRuntimePlugin [roughlyenoughitems]/" done in 60.58 μs
[04:45:50] [Server thread/TRACE] [REI] [REICommonPlugin START] Reloading Section: "reloadable-plugin/SlotAccessorRegistryImpl/CommonREIPlugin of CommonREIPlugin [farmersdelight]/"
[04:45:50] [Server thread/TRACE] [REI] [REICommonPlugin START] Reloading Section: "reloadable-plugin/SlotAccessorRegistryImpl/CommonREIPlugin of CommonREIPlugin [farmersdelight]/" done in 61.43 μs
[04:45:50] [Server thread/TRACE] [REI] [REICommonPlugin START] Reloading Section: "reloadable-plugin/SlotAccessorRegistryImpl/" done in 1.835 ms
[04:45:50] [Server thread/TRACE] [REI] [REICommonPlugin START] Reloading Section: "reloadable-plugin/EntryTypeRegistryImpl/"
[04:45:50] [Server thread/TRACE] [REI] [REICommonPlugin START] Reloading Section: "reloadable-plugin/EntryTypeRegistryImpl/DefaultPlugin of DefaultPlugin [roughlyenoughitems]/"
[04:45:50] [Server thread/TRACE] [REI] [REICommonPlugin START] Reloading Section: "reloadable-plugin/EntryTypeRegistryImpl/DefaultPlugin of DefaultPlugin [roughlyenoughitems]/" done in 68.35 μs
[04:45:50] [Server thread/TRACE] [REI] [REICommonPlugin START] Reloading Section: "reloadable-plugin/EntryTypeRegistryImpl/FabricFluidAPISupportPlugin/"
[04:45:50] [Server thread/TRACE] [REI] [REICommonPlugin START] Reloading Section: "reloadable-plugin/EntryTypeRegistryImpl/FabricFluidAPISupportPlugin/" done in 67.23 μs
[04:45:50] [Server thread/TRACE] [REI] [REICommonPlugin START] Reloading Section: "reloadable-plugin/EntryTypeRegistryImpl/DefaultRuntimePlugin of DefaultRuntimePlugin [roughlyenoughitems]/"
[04:45:50] [Server thread/TRACE] [REI] [REICommonPlugin START] Reloading Section: "reloadable-plugin/EntryTypeRegistryImpl/DefaultRuntimePlugin of DefaultRuntimePlugin [roughlyenoughitems]/" done in 4.550 ms
[04:45:50] [Server thread/TRACE] [REI] [REICommonPlugin START] Reloading Section: "reloadable-plugin/EntryTypeRegistryImpl/CommonREIPlugin of CommonREIPlugin [farmersdelight]/"
[04:45:50] [Server thread/TRACE] [REI] [REICommonPlugin START] Reloading Section: "reloadable-plugin/EntryTypeRegistryImpl/CommonREIPlugin of CommonREIPlugin [farmersdelight]/" done in 68.84 μs
[04:45:50] [Server thread/TRACE] [REI] [REICommonPlugin START] Reloading Section: "reloadable-plugin/EntryTypeRegistryImpl/" done in 5.464 ms
[04:45:50] [Server thread/TRACE] [REI] [REICommonPlugin START] Reloading Section: "reloadable-plugin/EntrySettingsAdapterRegistryImpl/"
[04:45:50] [Server thread/TRACE] [REI] [REICommonPlugin START] Reloading Section: "reloadable-plugin/EntrySettingsAdapterRegistryImpl/DefaultPlugin of DefaultPlugin [roughlyenoughitems]/"
[04:45:50] [Server thread/TRACE] [REI] [REICommonPlugin START] Reloading Section: "reloadable-plugin/EntrySettingsAdapterRegistryImpl/DefaultPlugin of DefaultPlugin [roughlyenoughitems]/" done in 49.31 μs
[04:45:50] [Server thread/TRACE] [REI] [REICommonPlugin START] Reloading Section: "reloadable-plugin/EntrySettingsAdapterRegistryImpl/FabricFluidAPISupportPlugin/"
[04:45:50] [Server thread/TRACE] [REI] [REICommonPlugin START] Reloading Section: "reloadable-plugin/EntrySettingsAdapterRegistryImpl/FabricFluidAPISupportPlugin/" done in 42.91 μs
[04:45:50] [Server thread/TRACE] [REI] [REICommonPlugin START] Reloading Section: "reloadable-plugin/EntrySettingsAdapterRegistryImpl/DefaultRuntimePlugin of DefaultRuntimePlugin [roughlyenoughitems]/"
[04:45:50] [Server thread/TRACE] [REI] [REICommonPlugin START] Reloading Section: "reloadable-plugin/EntrySettingsAdapterRegistryImpl/DefaultRuntimePlugin of DefaultRuntimePlugin [roughlyenoughitems]/" done in 68.68 μs
[04:45:50] [Server thread/TRACE] [REI] [REICommonPlugin START] Reloading Section: "reloadable-plugin/EntrySettingsAdapterRegistryImpl/CommonREIPlugin of CommonREIPlugin [farmersdelight]/"
[04:45:50] [Server thread/TRACE] [REI] [REICommonPlugin START] Reloading Section: "reloadable-plugin/EntrySettingsAdapterRegistryImpl/CommonREIPlugin of CommonREIPlugin [farmersdelight]/" done in 45.28 μs
[04:45:50] [Server thread/TRACE] [REI] [REICommonPlugin START] Reloading Section: "reloadable-plugin/EntrySettingsAdapterRegistryImpl/" done in 747.4 μs
[04:45:50] [Server thread/TRACE] [REI] [REICommonPlugin START] Reloading Section: "reloadable-plugin/ItemComparatorRegistryImpl/"
[04:45:50] [Server thread/TRACE] [REI] [REICommonPlugin START] Reloading Section: "reloadable-plugin/ItemComparatorRegistryImpl/DefaultPlugin of DefaultPlugin [roughlyenoughitems]/"
[04:45:50] [Server thread/TRACE] [REI] [REICommonPlugin START] Reloading Section: "reloadable-plugin/ItemComparatorRegistryImpl/DefaultPlugin of DefaultPlugin [roughlyenoughitems]/" done in 575.1 μs
[04:45:50] [Server thread/TRACE] [REI] [REICommonPlugin START] Reloading Section: "reloadable-plugin/ItemComparatorRegistryImpl/FabricFluidAPISupportPlugin/"
[04:45:50] [Server thread/TRACE] [REI] [REICommonPlugin START] Reloading Section: "reloadable-plugin/ItemComparatorRegistryImpl/FabricFluidAPISupportPlugin/" done in 59.55 μs
[04:45:50] [Server thread/TRACE] [REI] [REICommonPlugin START] Reloading Section: "reloadable-plugin/ItemComparatorRegistryImpl/DefaultRuntimePlugin of DefaultRuntimePlugin [roughlyenoughitems]/"
[04:45:50] [Server thread/TRACE] [REI] [REICommonPlugin START] Reloading Section: "reloadable-plugin/ItemComparatorRegistryImpl/DefaultRuntimePlugin of DefaultRuntimePlugin [roughlyenoughitems]/" done in 56.95 μs
[04:45:50] [Server thread/TRACE] [REI] [REICommonPlugin START] Reloading Section: "reloadable-plugin/ItemComparatorRegistryImpl/CommonREIPlugin of CommonREIPlugin [farmersdelight]/"
[04:45:50] [Server thread/TRACE] [REI] [REICommonPlugin START] Reloading Section: "reloadable-plugin/ItemComparatorRegistryImpl/CommonREIPlugin of CommonREIPlugin [farmersdelight]/" done in 58.46 μs
[04:45:50] [Server thread/TRACE] [REI] [REICommonPlugin START] Reloading Section: "reloadable-plugin/ItemComparatorRegistryImpl/" done in 1.346 ms
[04:45:50] [Server thread/TRACE] [REI] [REICommonPlugin START] Reloading Section: "reloadable-plugin/FluidComparatorRegistryImpl/"
[04:45:50] [Server thread/TRACE] [REI] [REICommonPlugin START] Reloading Section: "reloadable-plugin/FluidComparatorRegistryImpl/DefaultPlugin of DefaultPlugin [roughlyenoughitems]/"
[04:45:50] [Server thread/TRACE] [REI] [REICommonPlugin START] Reloading Section: "reloadable-plugin/FluidComparatorRegistryImpl/DefaultPlugin of DefaultPlugin [roughlyenoughitems]/" done in 59.70 μs
[04:45:50] [Server thread/TRACE] [REI] [REICommonPlugin START] Reloading Section: "reloadable-plugin/FluidComparatorRegistryImpl/FabricFluidAPISupportPlugin/"
[04:45:50] [Server thread/TRACE] [REI] [REICommonPlugin START] Reloading Section: "reloadable-plugin/FluidComparatorRegistryImpl/FabricFluidAPISupportPlugin/" done in 76.29 μs
[04:45:50] [Server thread/TRACE] [REI] [REICommonPlugin START] Reloading Section: "reloadable-plugin/FluidComparatorRegistryImpl/DefaultRuntimePlugin of DefaultRuntimePlugin [roughlyenoughitems]/"
[04:45:50] [Server thread/TRACE] [REI] [REICommonPlugin START] Reloading Section: "reloadable-plugin/FluidComparatorRegistryImpl/DefaultRuntimePlugin of DefaultRuntimePlugin [roughlyenoughitems]/" done in 50.00 μs
[04:45:50] [Server thread/TRACE] [REI] [REICommonPlugin START] Reloading Section: "reloadable-plugin/FluidComparatorRegistryImpl/CommonREIPlugin of CommonREIPlugin [farmersdelight]/"
[04:45:50] [Server thread/TRACE] [REI] [REICommonPlugin START] Reloading Section: "reloadable-plugin/FluidComparatorRegistryImpl/CommonREIPlugin of CommonREIPlugin [farmersdelight]/" done in 50.36 μs
[04:45:50] [Server thread/TRACE] [REI] [REICommonPlugin START] Reloading Section: "reloadable-plugin/FluidComparatorRegistryImpl/" done in 675.0 μs
[04:45:50] [Server thread/TRACE] [REI] [REICommonPlugin START] Reloading Section: "reloadable-plugin/DisplaySerializerRegistryImpl/"
[04:45:50] [Server thread/TRACE] [REI] [REICommonPlugin START] Reloading Section: "reloadable-plugin/DisplaySerializerRegistryImpl/DefaultPlugin of DefaultPlugin [roughlyenoughitems]/"
[04:45:50] [Server thread/DEBUG] [REI] Added display serializer [minecraft:client/crafting/shaped] me.shedaniel.rei.api.common.display.DisplaySerializer$1@5b2cbe11
[04:45:50] [Server thread/DEBUG] [REI] Added display serializer [minecraft:client/crafting/shapeless] me.shedaniel.rei.api.common.display.DisplaySerializer$1@7ebab135
[04:45:50] [Server thread/DEBUG] [REI] Added display serializer [minecraft:client/smelting] me.shedaniel.rei.api.common.display.DisplaySerializer$1@6bff413
[04:45:50] [Server thread/DEBUG] [REI] Added display serializer [minecraft:client/smoking] me.shedaniel.rei.api.common.display.DisplaySerializer$1@10199ba7
[04:45:50] [Server thread/DEBUG] [REI] Added display serializer [minecraft:client/blasting] me.shedaniel.rei.api.common.display.DisplaySerializer$1@228672ab
[04:45:50] [Server thread/DEBUG] [REI] Added display serializer [minecraft:default/crafting/shaped] me.shedaniel.rei.api.common.display.DisplaySerializer$1@3e3a3355
[04:45:50] [Server thread/DEBUG] [REI] Added display serializer [minecraft:default/crafting/shapeless] me.shedaniel.rei.api.common.display.DisplaySerializer$1@2371f3a0
[04:45:50] [Server thread/DEBUG] [REI] Added display serializer [minecraft:default/crafting/custom] me.shedaniel.rei.api.common.display.DisplaySerializer$1@50883c1b
[04:45:50] [Server thread/DEBUG] [REI] Added display serializer [minecraft:default/crafting/custom_shaped] me.shedaniel.rei.api.common.display.DisplaySerializer$1@459826c4
[04:45:50] [Server thread/DEBUG] [REI] Added display serializer [minecraft:default/crafting/custom_shapeless] me.shedaniel.rei.api.common.display.DisplaySerializer$1@4fecfd06
[04:45:50] [Server thread/DEBUG] [REI] Added display serializer [minecraft:extension/crafting/map_extending] me.shedaniel.rei.api.common.display.DisplaySerializer$1@7fdeac96
[04:45:50] [Server thread/DEBUG] [REI] Added display serializer [minecraft:default/smelting] me.shedaniel.rei.api.common.display.DisplaySerializer$1@41265b83
[04:45:50] [Server thread/DEBUG] [REI] Added display serializer [minecraft:default/smoking] me.shedaniel.rei.api.common.display.DisplaySerializer$1@4555088e
[04:45:50] [Server thread/DEBUG] [REI] Added display serializer [minecraft:default/blasting] me.shedaniel.rei.api.common.display.DisplaySerializer$1@33d29b36
[04:45:50] [Server thread/DEBUG] [REI] Added display serializer [minecraft:default/campfire] me.shedaniel.rei.api.common.display.DisplaySerializer$1@15f626dc
[04:45:50] [Server thread/DEBUG] [REI] Added display serializer [minecraft:default/stone_cutting] me.shedaniel.rei.api.common.display.DisplaySerializer$1@737c57c6
[04:45:50] [Server thread/DEBUG] [REI] Added display serializer [minecraft:default/stripping] me.shedaniel.rei.api.common.display.DisplaySerializer$1@5dd5f8be
[04:45:50] [Server thread/DEBUG] [REI] Added display serializer [minecraft:default/brewing] me.shedaniel.rei.api.common.display.DisplaySerializer$1@49f8ca9a
[04:45:50] [Server thread/DEBUG] [REI] Added display serializer [minecraft:default/composting] me.shedaniel.rei.api.common.display.DisplaySerializer$1@69f9e348
[04:45:50] [Server thread/DEBUG] [REI] Added display serializer [minecraft:default/fuel] me.shedaniel.rei.api.common.display.DisplaySerializer$1@5be97719
[04:45:50] [Server thread/DEBUG] [REI] Added display serializer [minecraft:default/smithing] me.shedaniel.rei.api.common.display.DisplaySerializer$1@8cd85f4
[04:45:50] [Server thread/DEBUG] [REI] Added display serializer [minecraft:default/smithing/trimming] me.shedaniel.rei.api.common.display.DisplaySerializer$1@38d25ba1
[04:45:50] [Server thread/DEBUG] [REI] Added display serializer [minecraft:default/anvil] me.shedaniel.rei.api.common.display.DisplaySerializer$1@7603748f
[04:45:50] [Server thread/DEBUG] [REI] Added display serializer [minecraft:default/beacon_base] me.shedaniel.rei.api.common.display.DisplaySerializer$1@5aa2ca85
[04:45:50] [Server thread/DEBUG] [REI] Added display serializer [minecraft:default/beacon_payment] me.shedaniel.rei.api.common.display.DisplaySerializer$1@503400f0
[04:45:50] [Server thread/DEBUG] [REI] Added display serializer [minecraft:default/tilling] me.shedaniel.rei.api.common.display.DisplaySerializer$1@7626eb09
[04:45:50] [Server thread/DEBUG] [REI] Added display serializer [minecraft:default/pathing] me.shedaniel.rei.api.common.display.DisplaySerializer$1@6e7e5e22
[04:45:50] [Server thread/DEBUG] [REI] Added display serializer [minecraft:default/waxing] me.shedaniel.rei.api.common.display.DisplaySerializer$1@153339eb
[04:45:50] [Server thread/DEBUG] [REI] Added display serializer [minecraft:default/waxing_scraping] me.shedaniel.rei.api.common.display.DisplaySerializer$1@45c393a9
[04:45:50] [Server thread/DEBUG] [REI] Added display serializer [minecraft:default/oxidizing] me.shedaniel.rei.api.common.display.DisplaySerializer$1@3973b517
[04:45:50] [Server thread/DEBUG] [REI] Added display serializer [minecraft:default/oxidizing_scraping] me.shedaniel.rei.api.common.display.DisplaySerializer$1@df4b622
[04:45:50] [Server thread/DEBUG] [REI] Added display serializer [roughlyenoughitems:default/information] me.shedaniel.rei.api.common.display.DisplaySerializer$1@1fc7fdc7
[04:45:50] [Server thread/TRACE] [REI] [REICommonPlugin START] Reloading Section: "reloadable-plugin/DisplaySerializerRegistryImpl/DefaultPlugin of DefaultPlugin [roughlyenoughitems]/" done in 41.81 ms
[04:45:50] [Server thread/TRACE] [REI] [REICommonPlugin START] Reloading Section: "reloadable-plugin/DisplaySerializerRegistryImpl/FabricFluidAPISupportPlugin/"
[04:45:50] [Server thread/TRACE] [REI] [REICommonPlugin START] Reloading Section: "reloadable-plugin/DisplaySerializerRegistryImpl/FabricFluidAPISupportPlugin/" done in 65.47 μs
[04:45:50] [Server thread/TRACE] [REI] [REICommonPlugin START] Reloading Section: "reloadable-plugin/DisplaySerializerRegistryImpl/DefaultRuntimePlugin of DefaultRuntimePlugin [roughlyenoughitems]/"
[04:45:50] [Server thread/TRACE] [REI] [REICommonPlugin START] Reloading Section: "reloadable-plugin/DisplaySerializerRegistryImpl/DefaultRuntimePlugin of DefaultRuntimePlugin [roughlyenoughitems]/" done in 69.52 μs
[04:45:50] [Server thread/TRACE] [REI] [REICommonPlugin START] Reloading Section: "reloadable-plugin/DisplaySerializerRegistryImpl/CommonREIPlugin of CommonREIPlugin [farmersdelight]/"
[04:45:50] [Server thread/DEBUG] [REI] Added display serializer [farmersdelight:default/cooking] me.shedaniel.rei.api.common.display.DisplaySerializer$1@40d4c752
[04:45:50] [Server thread/DEBUG] [REI] Added display serializer [farmersdelight:default/cutting] me.shedaniel.rei.api.common.display.DisplaySerializer$1@6eb2a248
[04:45:50] [Server thread/DEBUG] [REI] Added display serializer [farmersdelight:default/decomposition] me.shedaniel.rei.api.common.display.DisplaySerializer$1@4f2f3f8f
[04:45:50] [Server thread/TRACE] [REI] [REICommonPlugin START] Reloading Section: "reloadable-plugin/DisplaySerializerRegistryImpl/CommonREIPlugin of CommonREIPlugin [farmersdelight]/" done in 7.794 ms
[04:45:50] [Server thread/TRACE] [REI] [REICommonPlugin START] Reloading Section: "reloadable-plugin/DisplaySerializerRegistryImpl/" done in 50.28 ms
[04:45:50] [Server thread/TRACE] [REI] [REICommonPlugin START] Reloading Section: "reloadable-plugin/ServerDisplayRegistryImpl/"
[04:45:50] [Server thread/TRACE] [REI] [REICommonPlugin START] Reloading Section: "reloadable-plugin/ServerDisplayRegistryImpl/DefaultPlugin of DefaultPlugin [roughlyenoughitems]/"
[04:45:50] [Server thread/TRACE] [REI] [REICommonPlugin START] Reloading Section: "reloadable-plugin/ServerDisplayRegistryImpl/DefaultPlugin of DefaultPlugin [roughlyenoughitems]/" done in 83.70 μs
[04:45:50] [Server thread/TRACE] [REI] [REICommonPlugin START] Reloading Section: "reloadable-plugin/ServerDisplayRegistryImpl/FabricFluidAPISupportPlugin/"
[04:45:50] [Server thread/TRACE] [REI] [REICommonPlugin START] Reloading Section: "reloadable-plugin/ServerDisplayRegistryImpl/FabricFluidAPISupportPlugin/" done in 51.34 μs
[04:45:50] [Server thread/TRACE] [REI] [REICommonPlugin START] Reloading Section: "reloadable-plugin/ServerDisplayRegistryImpl/DefaultRuntimePlugin of DefaultRuntimePlugin [roughlyenoughitems]/"
[04:45:50] [Server thread/TRACE] [REI] [REICommonPlugin START] Reloading Section: "reloadable-plugin/ServerDisplayRegistryImpl/DefaultRuntimePlugin of DefaultRuntimePlugin [roughlyenoughitems]/" done in 36.40 μs
[04:45:50] [Server thread/TRACE] [REI] [REICommonPlugin START] Reloading Section: "reloadable-plugin/ServerDisplayRegistryImpl/CommonREIPlugin of CommonREIPlugin [farmersdelight]/"
[04:45:50] [Server thread/TRACE] [REI] [REICommonPlugin START] Reloading Section: "reloadable-plugin/ServerDisplayRegistryImpl/CommonREIPlugin of CommonREIPlugin [farmersdelight]/" done in 49.29 μs
[04:45:50] [Server thread/TRACE] [REI] [REICommonPlugin START] Reloading Section: "reloadable-plugin/ServerDisplayRegistryImpl/" done in 669.0 μs
[04:45:50] [Server thread/TRACE] [REI] [REICommonPlugin START] Reloading Section: "reloadable-plugin/FluidSupportProviderImpl/"
[04:45:50] [Server thread/TRACE] [REI] [REICommonPlugin START] Reloading Section: "reloadable-plugin/FluidSupportProviderImpl/DefaultPlugin of DefaultPlugin [roughlyenoughitems]/"
[04:45:50] [Server thread/TRACE] [REI] [REICommonPlugin START] Reloading Section: "reloadable-plugin/FluidSupportProviderImpl/DefaultPlugin of DefaultPlugin [roughlyenoughitems]/" done in 360.5 μs
[04:45:50] [Server thread/TRACE] [REI] [REICommonPlugin START] Reloading Section: "reloadable-plugin/FluidSupportProviderImpl/FabricFluidAPISupportPlugin/"
[04:45:50] [Server thread/TRACE] [REI] [REICommonPlugin START] Reloading Section: "reloadable-plugin/FluidSupportProviderImpl/FabricFluidAPISupportPlugin/" done in 220.0 μs
[04:45:50] [Server thread/TRACE] [REI] [REICommonPlugin START] Reloading Section: "reloadable-plugin/FluidSupportProviderImpl/DefaultRuntimePlugin of DefaultRuntimePlugin [roughlyenoughitems]/"
[04:45:50] [Server thread/TRACE] [REI] [REICommonPlugin START] Reloading Section: "reloadable-plugin/FluidSupportProviderImpl/DefaultRuntimePlugin of DefaultRuntimePlugin [roughlyenoughitems]/" done in 53.69 μs
[04:45:50] [Server thread/TRACE] [REI] [REICommonPlugin START] Reloading Section: "reloadable-plugin/FluidSupportProviderImpl/CommonREIPlugin of CommonREIPlugin [farmersdelight]/"
[04:45:50] [Server thread/TRACE] [REI] [REICommonPlugin START] Reloading Section: "reloadable-plugin/FluidSupportProviderImpl/CommonREIPlugin of CommonREIPlugin [farmersdelight]/" done in 53.89 μs
[04:45:50] [Server thread/TRACE] [REI] [REICommonPlugin START] Reloading Section: "reloadable-plugin/FluidSupportProviderImpl/" done in 1.144 ms
[04:45:50] [Server thread/DEBUG] [REI] ========================================
[04:45:50] [Server thread/DEBUG] [REI] REICommonPlugin ending main-reload for START.
[04:45:50] [Server thread/DEBUG] [REI] ========================================
[04:45:50] [Server thread/TRACE] [REI] [REICommonPlugin START] Reloading Section: "end-reload/"
[04:45:50] [Server thread/TRACE] [REI] [REICommonPlugin START] Reloading Section: "end-reload/SlotAccessorRegistryImpl/"
[04:45:50] [Server thread/TRACE] [REI] [REICommonPlugin START] Reloading Section: "end-reload/SlotAccessorRegistryImpl/" done in 46.38 μs
[04:45:50] [Server thread/TRACE] [REI] [REICommonPlugin START] Reloading Section: "end-reload/EntryTypeRegistryImpl/"
[04:45:50] [Server thread/TRACE] [REI] [REICommonPlugin START] Reloading Section: "end-reload/EntryTypeRegistryImpl/" done in 60.13 μs
[04:45:50] [Server thread/TRACE] [REI] [REICommonPlugin START] Reloading Section: "end-reload/EntrySettingsAdapterRegistryImpl/"
[04:45:50] [Server thread/TRACE] [REI] [REICommonPlugin START] Reloading Section: "end-reload/EntrySettingsAdapterRegistryImpl/" done in 44.13 μs
[04:45:50] [Server thread/TRACE] [REI] [REICommonPlugin START] Reloading Section: "end-reload/ItemComparatorRegistryImpl/"
[04:45:50] [Server thread/TRACE] [REI] [REICommonPlugin START] Reloading Section: "end-reload/ItemComparatorRegistryImpl/" done in 48.25 μs
[04:45:50] [Server thread/TRACE] [REI] [REICommonPlugin START] Reloading Section: "end-reload/FluidComparatorRegistryImpl/"
[04:45:50] [Server thread/TRACE] [REI] [REICommonPlugin START] Reloading Section: "end-reload/FluidComparatorRegistryImpl/" done in 27.81 μs
[04:45:50] [Server thread/TRACE] [REI] [REICommonPlugin START] Reloading Section: "end-reload/DisplaySerializerRegistryImpl/"
[04:45:50] [Server thread/TRACE] [REI] [REICommonPlugin START] Reloading Section: "end-reload/DisplaySerializerRegistryImpl/" done in 26.52 μs
[04:45:50] [Server thread/TRACE] [REI] [REICommonPlugin START] Reloading Section: "end-reload/ServerDisplayRegistryImpl/"
[04:45:50] [Server thread/TRACE] [REI] [REICommonPlugin START] Reloading Section: "end-reload/ServerDisplayRegistryImpl/" done in 26.96 μs
[04:45:50] [Server thread/TRACE] [REI] [REICommonPlugin START] Reloading Section: "end-reload/FluidSupportProviderImpl/"
[04:45:50] [Server thread/TRACE] [REI] [REICommonPlugin START] Reloading Section: "end-reload/FluidSupportProviderImpl/" done in 30.18 μs
[04:45:50] [Server thread/TRACE] [REI] [REICommonPlugin START] Reloading Section: "end-reload/" done in 1.032 ms
[04:45:50] [Server thread/DEBUG] [REI] ========================================
[04:45:50] [Server thread/DEBUG] [REI] REICommonPlugin ended main-reload for START in 69.48 ms.
[04:45:50] [Server thread/DEBUG] [REI] ========================================
[04:45:50] [Server thread/DEBUG] [REI] ========================================
[04:45:50] [Server thread/DEBUG] [REI] REICommonPlugin starting post-reload for START.
[04:45:50] [Server thread/DEBUG] [REI] Reloadables (8):
[04:45:50] [Server thread/DEBUG] [REI]  - SlotAccessorRegistryImpl
[04:45:50] [Server thread/DEBUG] [REI]  - EntryTypeRegistryImpl
[04:45:50] [Server thread/DEBUG] [REI]  - EntrySettingsAdapterRegistryImpl
[04:45:50] [Server thread/DEBUG] [REI]  - ItemComparatorRegistryImpl
[04:45:50] [Server thread/DEBUG] [REI]  - FluidComparatorRegistryImpl
[04:45:50] [Server thread/DEBUG] [REI]  - DisplaySerializerRegistryImpl
[04:45:50] [Server thread/DEBUG] [REI]  - ServerDisplayRegistryImpl
[04:45:50] [Server thread/DEBUG] [REI]  - FluidSupportProviderImpl
[04:45:50] [Server thread/DEBUG] [REI] Plugins (4):
[04:45:50] [Server thread/DEBUG] [REI]  - (-100.00) DefaultPlugin of DefaultPlugin [roughlyenoughitems]
[04:45:50] [Server thread/DEBUG] [REI]  - (0.00) FabricFluidAPISupportPlugin
[04:45:50] [Server thread/DEBUG] [REI]  - (0.00) DefaultRuntimePlugin of DefaultRuntimePlugin [roughlyenoughitems]
[04:45:50] [Server thread/DEBUG] [REI]  - (0.00) CommonREIPlugin of CommonREIPlugin [farmersdelight]
[04:45:50] [Server thread/DEBUG] [REI] ========================================
[04:45:50] [Server thread/TRACE] [REI] [REICommonPlugin START] Reloading Section: "post-register/"
[04:45:50] [Server thread/TRACE] [REI] [REICommonPlugin START] Reloading Section: "post-register/DefaultPlugin of DefaultPlugin [roughlyenoughitems]/"
[04:45:50] [Server thread/TRACE] [REI] [REICommonPlugin START] Reloading Section: "post-register/DefaultPlugin of DefaultPlugin [roughlyenoughitems]/" done in 215.9 μs
[04:45:50] [Server thread/TRACE] [REI] [REICommonPlugin START] Reloading Section: "post-register/FabricFluidAPISupportPlugin/"
[04:45:50] [Server thread/TRACE] [REI] [REICommonPlugin START] Reloading Section: "post-register/FabricFluidAPISupportPlugin/" done in 60.54 μs
[04:45:50] [Server thread/TRACE] [REI] [REICommonPlugin START] Reloading Section: "post-register/DefaultRuntimePlugin of DefaultRuntimePlugin [roughlyenoughitems]/"
[04:45:50] [Server thread/TRACE] [REI] [REICommonPlugin START] Reloading Section: "post-register/DefaultRuntimePlugin of DefaultRuntimePlugin [roughlyenoughitems]/" done in 70.32 μs
[04:45:50] [Server thread/TRACE] [REI] [REICommonPlugin START] Reloading Section: "post-register/CommonREIPlugin of CommonREIPlugin [farmersdelight]/"
[04:45:50] [Server thread/TRACE] [REI] [REICommonPlugin START] Reloading Section: "post-register/CommonREIPlugin of CommonREIPlugin [farmersdelight]/" done in 45.69 μs
[04:45:50] [Server thread/TRACE] [REI] [REICommonPlugin START] Reloading Section: "post-register/" done in 1.070 ms
[04:45:50] [Server thread/TRACE] [REI] [REICommonPlugin START] Reloading Section: "post-stage/"
[04:45:50] [Server thread/TRACE] [REI] [REICommonPlugin START] Reloading Section: "post-stage/SlotAccessorRegistryImpl/"
[04:45:50] [Server thread/TRACE] [REI] [REICommonPlugin START] Reloading Section: "post-stage/SlotAccessorRegistryImpl/" done in 50.80 μs
[04:45:50] [Server thread/TRACE] [REI] [REICommonPlugin START] Reloading Section: "post-stage/EntryTypeRegistryImpl/"
[04:45:50] [Server thread/TRACE] [REI] [REICommonPlugin START] Reloading Section: "post-stage/EntryTypeRegistryImpl/" done in 44.38 μs
[04:45:50] [Server thread/TRACE] [REI] [REICommonPlugin START] Reloading Section: "post-stage/EntrySettingsAdapterRegistryImpl/"
[04:45:50] [Server thread/TRACE] [REI] [REICommonPlugin START] Reloading Section: "post-stage/EntrySettingsAdapterRegistryImpl/" done in 43.76 μs
[04:45:50] [Server thread/TRACE] [REI] [REICommonPlugin START] Reloading Section: "post-stage/ItemComparatorRegistryImpl/"
[04:45:50] [Server thread/TRACE] [REI] [REICommonPlugin START] Reloading Section: "post-stage/ItemComparatorRegistryImpl/" done in 46.57 μs
[04:45:50] [Server thread/TRACE] [REI] [REICommonPlugin START] Reloading Section: "post-stage/FluidComparatorRegistryImpl/"
[04:45:50] [Server thread/TRACE] [REI] [REICommonPlugin START] Reloading Section: "post-stage/FluidComparatorRegistryImpl/" done in 48.61 μs
[04:45:50] [Server thread/TRACE] [REI] [REICommonPlugin START] Reloading Section: "post-stage/DisplaySerializerRegistryImpl/"
[04:45:50] [Server thread/TRACE] [REI] [REICommonPlugin START] Reloading Section: "post-stage/DisplaySerializerRegistryImpl/" done in 43.23 μs
[04:45:50] [Server thread/TRACE] [REI] [REICommonPlugin START] Reloading Section: "post-stage/ServerDisplayRegistryImpl/"
[04:45:50] [Server thread/TRACE] [REI] [REICommonPlugin START] Reloading Section: "post-stage/ServerDisplayRegistryImpl/" done in 42.39 μs
[04:45:50] [Server thread/TRACE] [REI] [REICommonPlugin START] Reloading Section: "post-stage/FluidSupportProviderImpl/"
[04:45:50] [Server thread/TRACE] [REI] [REICommonPlugin START] Reloading Section: "post-stage/FluidSupportProviderImpl/" done in 46.61 μs
[04:45:50] [Server thread/TRACE] [REI] [REICommonPlugin START] Reloading Section: "post-stage/" done in 1.195 ms
[04:45:50] [Server thread/DEBUG] [REI] ========================================
[04:45:50] [Server thread/INFO] [REI] REICommonPlugin finished post-reload for START in 2.417 ms, totaling 80.71 ms.
[04:45:50] [Server thread/DEBUG] [REI] ========================================
[04:45:50] [Server thread/DEBUG] [REI] ========================================
[04:45:50] [Server thread/DEBUG] [REI] REICommonPlugin starting pre-reload for END.
[04:45:50] [Server thread/DEBUG] [REI] Reloadables (8):
[04:45:50] [Server thread/DEBUG] [REI]  - SlotAccessorRegistryImpl
[04:45:50] [Server thread/DEBUG] [REI]  - EntryTypeRegistryImpl
[04:45:50] [Server thread/DEBUG] [REI]  - EntrySettingsAdapterRegistryImpl
[04:45:50] [Server thread/DEBUG] [REI]  - ItemComparatorRegistryImpl
[04:45:50] [Server thread/DEBUG] [REI]  - FluidComparatorRegistryImpl
[04:45:50] [Server thread/DEBUG] [REI]  - DisplaySerializerRegistryImpl
[04:45:50] [Server thread/DEBUG] [REI]  - ServerDisplayRegistryImpl
[04:45:50] [Server thread/DEBUG] [REI]  - FluidSupportProviderImpl
[04:45:50] [Server thread/DEBUG] [REI] Plugins (4):
[04:45:50] [Server thread/DEBUG] [REI]  - (-100.00) DefaultPlugin of DefaultPlugin [roughlyenoughitems]
[04:45:50] [Server thread/DEBUG] [REI]  - (0.00) FabricFluidAPISupportPlugin
[04:45:50] [Server thread/DEBUG] [REI]  - (0.00) DefaultRuntimePlugin of DefaultRuntimePlugin [roughlyenoughitems]
[04:45:50] [Server thread/DEBUG] [REI]  - (0.00) CommonREIPlugin of CommonREIPlugin [farmersdelight]
[04:45:50] [Server thread/DEBUG] [REI] ========================================
[04:45:50] [Server thread/TRACE] [REI] [REICommonPlugin END] Reloading Section: "pre-register/"
[04:45:50] [Server thread/TRACE] [REI] [REICommonPlugin END] Reloading Section: "pre-register/DefaultPlugin of DefaultPlugin [roughlyenoughitems]/"
[04:45:50] [Server thread/TRACE] [REI] [REICommonPlugin END] Reloading Section: "pre-register/DefaultPlugin of DefaultPlugin [roughlyenoughitems]/" done in 49.54 μs
[04:45:50] [Server thread/TRACE] [REI] [REICommonPlugin END] Reloading Section: "pre-register/FabricFluidAPISupportPlugin/"
[04:45:50] [Server thread/TRACE] [REI] [REICommonPlugin END] Reloading Section: "pre-register/FabricFluidAPISupportPlugin/" done in 45.87 μs
[04:45:50] [Server thread/TRACE] [REI] [REICommonPlugin END] Reloading Section: "pre-register/DefaultRuntimePlugin of DefaultRuntimePlugin [roughlyenoughitems]/"
[04:45:50] [Server thread/TRACE] [REI] [REICommonPlugin END] Reloading Section: "pre-register/DefaultRuntimePlugin of DefaultRuntimePlugin [roughlyenoughitems]/" done in 45.73 μs
[04:45:50] [Server thread/TRACE] [REI] [REICommonPlugin END] Reloading Section: "pre-register/CommonREIPlugin of CommonREIPlugin [farmersdelight]/"
[04:45:50] [Server thread/TRACE] [REI] [REICommonPlugin END] Reloading Section: "pre-register/CommonREIPlugin of CommonREIPlugin [farmersdelight]/" done in 44.76 μs
[04:45:50] [Server thread/TRACE] [REI] [REICommonPlugin END] Reloading Section: "pre-register/" done in 629.8 μs
[04:45:50] [Server thread/TRACE] [REI] [REICommonPlugin END] Reloading Section: "pre-stage/"
[04:45:50] [Server thread/TRACE] [REI] [REICommonPlugin END] Reloading Section: "pre-stage/SlotAccessorRegistryImpl/"
[04:45:50] [Server thread/TRACE] [REI] [REICommonPlugin END] Reloading Section: "pre-stage/SlotAccessorRegistryImpl/" done in 40.28 μs
[04:45:50] [Server thread/TRACE] [REI] [REICommonPlugin END] Reloading Section: "pre-stage/EntryTypeRegistryImpl/"
[04:45:50] [Server thread/TRACE] [REI] [REICommonPlugin END] Reloading Section: "pre-stage/EntryTypeRegistryImpl/" done in 55.28 μs
[04:45:50] [Server thread/TRACE] [REI] [REICommonPlugin END] Reloading Section: "pre-stage/EntrySettingsAdapterRegistryImpl/"
[04:45:50] [Server thread/TRACE] [REI] [REICommonPlugin END] Reloading Section: "pre-stage/EntrySettingsAdapterRegistryImpl/" done in 41.29 μs
[04:45:50] [Server thread/TRACE] [REI] [REICommonPlugin END] Reloading Section: "pre-stage/ItemComparatorRegistryImpl/"
[04:45:50] [Server thread/TRACE] [REI] [REICommonPlugin END] Reloading Section: "pre-stage/ItemComparatorRegistryImpl/" done in 39.85 μs
[04:45:50] [Server thread/TRACE] [REI] [REICommonPlugin END] Reloading Section: "pre-stage/FluidComparatorRegistryImpl/"
[04:45:50] [Server thread/TRACE] [REI] [REICommonPlugin END] Reloading Section: "pre-stage/FluidComparatorRegistryImpl/" done in 40.55 μs
[04:45:50] [Server thread/TRACE] [REI] [REICommonPlugin END] Reloading Section: "pre-stage/DisplaySerializerRegistryImpl/"
[04:45:50] [Server thread/TRACE] [REI] [REICommonPlugin END] Reloading Section: "pre-stage/DisplaySerializerRegistryImpl/" done in 42.57 μs
[04:45:50] [Server thread/TRACE] [REI] [REICommonPlugin END] Reloading Section: "pre-stage/ServerDisplayRegistryImpl/"
[04:45:50] [Server thread/TRACE] [REI] [REICommonPlugin END] Reloading Section: "pre-stage/ServerDisplayRegistryImpl/" done in 42.07 μs
[04:45:50] [Server thread/TRACE] [REI] [REICommonPlugin END] Reloading Section: "pre-stage/FluidSupportProviderImpl/"
[04:45:50] [Server thread/TRACE] [REI] [REICommonPlugin END] Reloading Section: "pre-stage/FluidSupportProviderImpl/" done in 35.86 μs
[04:45:50] [Server thread/TRACE] [REI] [REICommonPlugin END] Reloading Section: "pre-stage/" done in 1.073 ms
[04:45:50] [Server thread/DEBUG] [REI] ========================================
[04:45:50] [Server thread/DEBUG] [REI] REICommonPlugin finished pre-reload for END in 1.843 ms.
[04:45:50] [Server thread/DEBUG] [REI] ========================================
[04:45:50] [Server thread/INFO] [REI] ****************************************
[04:45:50] [Server thread/INFO] [REI] REICommonPlugin starting main-reload for END.
[04:45:50] [Server thread/DEBUG] [REI] Reloadables (8):
[04:45:50] [Server thread/DEBUG] [REI]  - SlotAccessorRegistryImpl
[04:45:50] [Server thread/DEBUG] [REI]  - EntryTypeRegistryImpl
[04:45:50] [Server thread/DEBUG] [REI]  - EntrySettingsAdapterRegistryImpl
[04:45:50] [Server thread/DEBUG] [REI]  - ItemComparatorRegistryImpl
[04:45:50] [Server thread/DEBUG] [REI]  - FluidComparatorRegistryImpl
[04:45:50] [Server thread/DEBUG] [REI]  - DisplaySerializerRegistryImpl
[04:45:50] [Server thread/DEBUG] [REI]  - ServerDisplayRegistryImpl
[04:45:50] [Server thread/DEBUG] [REI]  - FluidSupportProviderImpl
[04:45:50] [Server thread/INFO] [REI] Plugins (4):
[04:45:50] [Server thread/INFO] [REI]  - (-100.00) DefaultPlugin of DefaultPlugin [roughlyenoughitems]
[04:45:50] [Server thread/INFO] [REI]  - (0.00) FabricFluidAPISupportPlugin
[04:45:50] [Server thread/INFO] [REI]  - (0.00) DefaultRuntimePlugin of DefaultRuntimePlugin [roughlyenoughitems]
[04:45:50] [Server thread/INFO] [REI]  - (0.00) CommonREIPlugin of CommonREIPlugin [farmersdelight]
[04:45:50] [Server thread/INFO] [REI] ****************************************
[04:45:50] [Server thread/TRACE] [REI] [REICommonPlugin END] Reloading Section: "start-reload/"
[04:45:50] [Server thread/TRACE] [REI] [REICommonPlugin END] Reloading Section: "start-reload/SlotAccessorRegistryImpl/"
[04:45:50] [Server thread/TRACE] [REI] [REICommonPlugin END] Reloading Section: "start-reload/SlotAccessorRegistryImpl/" done in 53.57 μs
[04:45:50] [Server thread/TRACE] [REI] [REICommonPlugin END] Reloading Section: "start-reload/EntryTypeRegistryImpl/"
[04:45:50] [Server thread/TRACE] [REI] [REICommonPlugin END] Reloading Section: "start-reload/EntryTypeRegistryImpl/" done in 39.03 μs
[04:45:50] [Server thread/TRACE] [REI] [REICommonPlugin END] Reloading Section: "start-reload/EntrySettingsAdapterRegistryImpl/"
[04:45:50] [Server thread/TRACE] [REI] [REICommonPlugin END] Reloading Section: "start-reload/EntrySettingsAdapterRegistryImpl/" done in 42.16 μs
[04:45:50] [Server thread/TRACE] [REI] [REICommonPlugin END] Reloading Section: "start-reload/ItemComparatorRegistryImpl/"
[04:45:50] [Server thread/TRACE] [REI] [REICommonPlugin END] Reloading Section: "start-reload/ItemComparatorRegistryImpl/" done in 49.72 μs
[04:45:50] [Server thread/TRACE] [REI] [REICommonPlugin END] Reloading Section: "start-reload/FluidComparatorRegistryImpl/"
[04:45:50] [Server thread/TRACE] [REI] [REICommonPlugin END] Reloading Section: "start-reload/FluidComparatorRegistryImpl/" done in 38.13 μs
[04:45:50] [Server thread/TRACE] [REI] [REICommonPlugin END] Reloading Section: "start-reload/DisplaySerializerRegistryImpl/"
[04:45:50] [Server thread/TRACE] [REI] [REICommonPlugin END] Reloading Section: "start-reload/DisplaySerializerRegistryImpl/" done in 26.97 μs
[04:45:50] [Server thread/TRACE] [REI] [REICommonPlugin END] Reloading Section: "start-reload/ServerDisplayRegistryImpl/"
[04:45:50] [Server thread/TRACE] [REI] [REICommonPlugin END] Reloading Section: "start-reload/ServerDisplayRegistryImpl/" done in 114.7 μs
[04:45:50] [Server thread/TRACE] [REI] [REICommonPlugin END] Reloading Section: "start-reload/FluidSupportProviderImpl/"
[04:45:50] [Server thread/TRACE] [REI] [REICommonPlugin END] Reloading Section: "start-reload/FluidSupportProviderImpl/" done in 44.42 μs
[04:45:50] [Server thread/TRACE] [REI] [REICommonPlugin END] Reloading Section: "start-reload/" done in 1.122 ms
[04:45:50] [Server thread/DEBUG] [REI] ========================================
[04:45:50] [Server thread/DEBUG] [REI] REICommonPlugin started main-reload for END.
[04:45:50] [Server thread/DEBUG] [REI] ========================================
[04:45:50] [Server thread/TRACE] [REI] [REICommonPlugin END] Reloading Section: "reloadable-plugin/SlotAccessorRegistryImpl/"
[04:45:50] [Server thread/TRACE] [REI] [REICommonPlugin END] Reloading Section: "reloadable-plugin/SlotAccessorRegistryImpl/DefaultPlugin of DefaultPlugin [roughlyenoughitems]/"
[04:45:50] [Server thread/TRACE] [REI] [REICommonPlugin END] Reloading Section: "reloadable-plugin/SlotAccessorRegistryImpl/DefaultPlugin of DefaultPlugin [roughlyenoughitems]/" done in 222.9 μs
[04:45:50] [Server thread/TRACE] [REI] [REICommonPlugin END] Reloading Section: "reloadable-plugin/SlotAccessorRegistryImpl/FabricFluidAPISupportPlugin/"
[04:45:50] [Server thread/TRACE] [REI] [REICommonPlugin END] Reloading Section: "reloadable-plugin/SlotAccessorRegistryImpl/FabricFluidAPISupportPlugin/" done in 62.17 μs
[04:45:50] [Server thread/TRACE] [REI] [REICommonPlugin END] Reloading Section: "reloadable-plugin/SlotAccessorRegistryImpl/DefaultRuntimePlugin of DefaultRuntimePlugin [roughlyenoughitems]/"
[04:45:50] [Server thread/DEBUG] [REI] Added slot accessor serializer: me.shedaniel.rei.plugin.common.runtime.DefaultRuntimePlugin$1@263f652e [roughlyenoughitems:vanilla]
[04:45:50] [Server thread/DEBUG] [REI] Added slot accessor serializer: me.shedaniel.rei.plugin.common.runtime.DefaultRuntimePlugin$2@6471c863 [roughlyenoughitems:player]
[04:45:50] [Server thread/TRACE] [REI] [REICommonPlugin END] Reloading Section: "reloadable-plugin/SlotAccessorRegistryImpl/DefaultRuntimePlugin of DefaultRuntimePlugin [roughlyenoughitems]/" done in 1.790 ms
[04:45:50] [Server thread/TRACE] [REI] [REICommonPlugin END] Reloading Section: "reloadable-plugin/SlotAccessorRegistryImpl/CommonREIPlugin of CommonREIPlugin [farmersdelight]/"
[04:45:50] [Server thread/TRACE] [REI] [REICommonPlugin END] Reloading Section: "reloadable-plugin/SlotAccessorRegistryImpl/CommonREIPlugin of CommonREIPlugin [farmersdelight]/" done in 64.59 μs
[04:45:50] [Server thread/TRACE] [REI] [REICommonPlugin END] Reloading Section: "reloadable-plugin/SlotAccessorRegistryImpl/" done in 2.615 ms
[04:45:50] [Server thread/TRACE] [REI] [REICommonPlugin END] Reloading Section: "reloadable-plugin/EntryTypeRegistryImpl/"
[04:45:50] [Server thread/TRACE] [REI] [REICommonPlugin END] Reloading Section: "reloadable-plugin/EntryTypeRegistryImpl/DefaultPlugin of DefaultPlugin [roughlyenoughitems]/"
[04:45:50] [Server thread/TRACE] [REI] [REICommonPlugin END] Reloading Section: "reloadable-plugin/EntryTypeRegistryImpl/DefaultPlugin of DefaultPlugin [roughlyenoughitems]/" done in 38.47 μs
[04:45:50] [Server thread/TRACE] [REI] [REICommonPlugin END] Reloading Section: "reloadable-plugin/EntryTypeRegistryImpl/FabricFluidAPISupportPlugin/"
[04:45:50] [Server thread/TRACE] [REI] [REICommonPlugin END] Reloading Section: "reloadable-plugin/EntryTypeRegistryImpl/FabricFluidAPISupportPlugin/" done in 39.94 μs
[04:45:50] [Server thread/TRACE] [REI] [REICommonPlugin END] Reloading Section: "reloadable-plugin/EntryTypeRegistryImpl/DefaultRuntimePlugin of DefaultRuntimePlugin [roughlyenoughitems]/"
[04:45:50] [Server thread/TRACE] [REI] [REICommonPlugin END] Reloading Section: "reloadable-plugin/EntryTypeRegistryImpl/DefaultRuntimePlugin of DefaultRuntimePlugin [roughlyenoughitems]/" done in 34.44 μs
[04:45:50] [Server thread/TRACE] [REI] [REICommonPlugin END] Reloading Section: "reloadable-plugin/EntryTypeRegistryImpl/CommonREIPlugin of CommonREIPlugin [farmersdelight]/"
[04:45:50] [Server thread/TRACE] [REI] [REICommonPlugin END] Reloading Section: "reloadable-plugin/EntryTypeRegistryImpl/CommonREIPlugin of CommonREIPlugin [farmersdelight]/" done in 54.14 μs
[04:45:50] [Server thread/TRACE] [REI] [REICommonPlugin END] Reloading Section: "reloadable-plugin/EntryTypeRegistryImpl/" done in 538.5 μs
[04:45:50] [Server thread/TRACE] [REI] [REICommonPlugin END] Reloading Section: "reloadable-plugin/EntrySettingsAdapterRegistryImpl/"
[04:45:50] [Server thread/TRACE] [REI] [REICommonPlugin END] Reloading Section: "reloadable-plugin/EntrySettingsAdapterRegistryImpl/DefaultPlugin of DefaultPlugin [roughlyenoughitems]/"
[04:45:50] [Server thread/TRACE] [REI] [REICommonPlugin END] Reloading Section: "reloadable-plugin/EntrySettingsAdapterRegistryImpl/DefaultPlugin of DefaultPlugin [roughlyenoughitems]/" done in 48.84 μs
[04:45:50] [Server thread/TRACE] [REI] [REICommonPlugin END] Reloading Section: "reloadable-plugin/EntrySettingsAdapterRegistryImpl/FabricFluidAPISupportPlugin/"
[04:45:50] [Server thread/TRACE] [REI] [REICommonPlugin END] Reloading Section: "reloadable-plugin/EntrySettingsAdapterRegistryImpl/FabricFluidAPISupportPlugin/" done in 32.14 μs
[04:45:50] [Server thread/TRACE] [REI] [REICommonPlugin END] Reloading Section: "reloadable-plugin/EntrySettingsAdapterRegistryImpl/DefaultRuntimePlugin of DefaultRuntimePlugin [roughlyenoughitems]/"
[04:45:50] [Server thread/TRACE] [REI] [REICommonPlugin END] Reloading Section: "reloadable-plugin/EntrySettingsAdapterRegistryImpl/DefaultRuntimePlugin of DefaultRuntimePlugin [roughlyenoughitems]/" done in 33.91 μs
[04:45:50] [Server thread/TRACE] [REI] [REICommonPlugin END] Reloading Section: "reloadable-plugin/EntrySettingsAdapterRegistryImpl/CommonREIPlugin of CommonREIPlugin [farmersdelight]/"
[04:45:50] [Server thread/TRACE] [REI] [REICommonPlugin END] Reloading Section: "reloadable-plugin/EntrySettingsAdapterRegistryImpl/CommonREIPlugin of CommonREIPlugin [farmersdelight]/" done in 39.30 μs
[04:45:50] [Server thread/TRACE] [REI] [REICommonPlugin END] Reloading Section: "reloadable-plugin/EntrySettingsAdapterRegistryImpl/" done in 520.3 μs
[04:45:50] [Server thread/TRACE] [REI] [REICommonPlugin END] Reloading Section: "reloadable-plugin/ItemComparatorRegistryImpl/"
[04:45:50] [Server thread/TRACE] [REI] [REICommonPlugin END] Reloading Section: "reloadable-plugin/ItemComparatorRegistryImpl/DefaultPlugin of DefaultPlugin [roughlyenoughitems]/"
[04:45:50] [Server thread/TRACE] [REI] [REICommonPlugin END] Reloading Section: "reloadable-plugin/ItemComparatorRegistryImpl/DefaultPlugin of DefaultPlugin [roughlyenoughitems]/" done in 40.99 μs
[04:45:50] [Server thread/TRACE] [REI] [REICommonPlugin END] Reloading Section: "reloadable-plugin/ItemComparatorRegistryImpl/FabricFluidAPISupportPlugin/"
[04:45:50] [Server thread/TRACE] [REI] [REICommonPlugin END] Reloading Section: "reloadable-plugin/ItemComparatorRegistryImpl/FabricFluidAPISupportPlugin/" done in 37.72 μs
[04:45:50] [Server thread/TRACE] [REI] [REICommonPlugin END] Reloading Section: "reloadable-plugin/ItemComparatorRegistryImpl/DefaultRuntimePlugin of DefaultRuntimePlugin [roughlyenoughitems]/"
[04:45:50] [Server thread/TRACE] [REI] [REICommonPlugin END] Reloading Section: "reloadable-plugin/ItemComparatorRegistryImpl/DefaultRuntimePlugin of DefaultRuntimePlugin [roughlyenoughitems]/" done in 38.47 μs
[04:45:50] [Server thread/TRACE] [REI] [REICommonPlugin END] Reloading Section: "reloadable-plugin/ItemComparatorRegistryImpl/CommonREIPlugin of CommonREIPlugin [farmersdelight]/"
[04:45:50] [Server thread/TRACE] [REI] [REICommonPlugin END] Reloading Section: "reloadable-plugin/ItemComparatorRegistryImpl/CommonREIPlugin of CommonREIPlugin [farmersdelight]/" done in 39.53 μs
[04:45:50] [Server thread/TRACE] [REI] [REICommonPlugin END] Reloading Section: "reloadable-plugin/ItemComparatorRegistryImpl/" done in 626.0 μs
[04:45:50] [Server thread/TRACE] [REI] [REICommonPlugin END] Reloading Section: "reloadable-plugin/FluidComparatorRegistryImpl/"
[04:45:50] [Server thread/TRACE] [REI] [REICommonPlugin END] Reloading Section: "reloadable-plugin/FluidComparatorRegistryImpl/DefaultPlugin of DefaultPlugin [roughlyenoughitems]/"
[04:45:50] [Server thread/TRACE] [REI] [REICommonPlugin END] Reloading Section: "reloadable-plugin/FluidComparatorRegistryImpl/DefaultPlugin of DefaultPlugin [roughlyenoughitems]/" done in 31.29 μs
[04:45:50] [Server thread/TRACE] [REI] [REICommonPlugin END] Reloading Section: "reloadable-plugin/FluidComparatorRegistryImpl/FabricFluidAPISupportPlugin/"
[04:45:50] [Server thread/TRACE] [REI] [REICommonPlugin END] Reloading Section: "reloadable-plugin/FluidComparatorRegistryImpl/FabricFluidAPISupportPlugin/" done in 41.76 μs
[04:45:50] [Server thread/TRACE] [REI] [REICommonPlugin END] Reloading Section: "reloadable-plugin/FluidComparatorRegistryImpl/DefaultRuntimePlugin of DefaultRuntimePlugin [roughlyenoughitems]/"
[04:45:50] [Server thread/TRACE] [REI] [REICommonPlugin END] Reloading Section: "reloadable-plugin/FluidComparatorRegistryImpl/DefaultRuntimePlugin of DefaultRuntimePlugin [roughlyenoughitems]/" done in 31.89 μs
[04:45:50] [Server thread/TRACE] [REI] [REICommonPlugin END] Reloading Section: "reloadable-plugin/FluidComparatorRegistryImpl/CommonREIPlugin of CommonREIPlugin [farmersdelight]/"
[04:45:50] [Server thread/TRACE] [REI] [REICommonPlugin END] Reloading Section: "reloadable-plugin/FluidComparatorRegistryImpl/CommonREIPlugin of CommonREIPlugin [farmersdelight]/" done in 31.74 μs
[04:45:50] [Server thread/TRACE] [REI] [REICommonPlugin END] Reloading Section: "reloadable-plugin/FluidComparatorRegistryImpl/" done in 456.5 μs
[04:45:50] [Server thread/TRACE] [REI] [REICommonPlugin END] Reloading Section: "reloadable-plugin/DisplaySerializerRegistryImpl/"
[04:45:50] [Server thread/TRACE] [REI] [REICommonPlugin END] Reloading Section: "reloadable-plugin/DisplaySerializerRegistryImpl/DefaultPlugin of DefaultPlugin [roughlyenoughitems]/"
[04:45:50] [Server thread/TRACE] [REI] [REICommonPlugin END] Reloading Section: "reloadable-plugin/DisplaySerializerRegistryImpl/DefaultPlugin of DefaultPlugin [roughlyenoughitems]/" done in 36.64 μs
[04:45:50] [Server thread/TRACE] [REI] [REICommonPlugin END] Reloading Section: "reloadable-plugin/DisplaySerializerRegistryImpl/FabricFluidAPISupportPlugin/"
[04:45:50] [Server thread/TRACE] [REI] [REICommonPlugin END] Reloading Section: "reloadable-plugin/DisplaySerializerRegistryImpl/FabricFluidAPISupportPlugin/" done in 33.25 μs
[04:45:50] [Server thread/TRACE] [REI] [REICommonPlugin END] Reloading Section: "reloadable-plugin/DisplaySerializerRegistryImpl/DefaultRuntimePlugin of DefaultRuntimePlugin [roughlyenoughitems]/"
[04:45:50] [Server thread/TRACE] [REI] [REICommonPlugin END] Reloading Section: "reloadable-plugin/DisplaySerializerRegistryImpl/DefaultRuntimePlugin of DefaultRuntimePlugin [roughlyenoughitems]/" done in 34.08 μs
[04:45:50] [Server thread/TRACE] [REI] [REICommonPlugin END] Reloading Section: "reloadable-plugin/DisplaySerializerRegistryImpl/CommonREIPlugin of CommonREIPlugin [farmersdelight]/"
[04:45:50] [Server thread/TRACE] [REI] [REICommonPlugin END] Reloading Section: "reloadable-plugin/DisplaySerializerRegistryImpl/CommonREIPlugin of CommonREIPlugin [farmersdelight]/" done in 32.78 μs
[04:45:50] [Server thread/TRACE] [REI] [REICommonPlugin END] Reloading Section: "reloadable-plugin/DisplaySerializerRegistryImpl/" done in 487.4 μs
[04:45:50] [Server thread/TRACE] [REI] [REICommonPlugin END] Reloading Section: "reloadable-plugin/ServerDisplayRegistryImpl/"
[04:45:50] [Server thread/TRACE] [REI] [REICommonPlugin END] Reloading Section: "reloadable-plugin/ServerDisplayRegistryImpl/DefaultPlugin of DefaultPlugin [roughlyenoughitems]/"
[04:45:50] [Server thread/DEBUG] [REI] Added display filter: me.shedaniel.rei.api.common.registry.display.DisplayConsumer$RecipeManagerConsumer$RecipeFillerBuilder$$Lambda/0x00007993b90ae6d8@241a93d4
[04:45:50] [Server thread/DEBUG] [REI] Added display filter: me.shedaniel.rei.api.common.registry.display.DisplayConsumer$RecipeManagerConsumer$RecipeFillerBuilder$$Lambda/0x00007993b90ae6d8@14c75282
[04:45:50] [Server thread/DEBUG] [REI] Added display filter: me.shedaniel.rei.api.common.registry.display.DisplayConsumer$RecipeManagerConsumer$RecipeFillerBuilder$$Lambda/0x00007993b90ae6d8@6ba884d0
[04:45:50] [Server thread/DEBUG] [REI] Added display filter: me.shedaniel.rei.api.common.registry.display.DisplayConsumer$RecipeManagerConsumer$RecipeFillerBuilder$$Lambda/0x00007993b90ae6d8@a99236a
[04:45:50] [Server thread/DEBUG] [REI] Added display filter: me.shedaniel.rei.api.common.registry.display.DisplayConsumer$RecipeManagerConsumer$RecipeFillerBuilder$$Lambda/0x00007993b90ae6d8@5f1cb8f6
[04:45:50] [Server thread/DEBUG] [REI] Added display filter: me.shedaniel.rei.api.common.registry.display.DisplayConsumer$RecipeManagerConsumer$RecipeFillerBuilder$$Lambda/0x00007993b90ae6d8@198d1a65
[04:45:50] [Server thread/DEBUG] [REI] Added display filter: me.shedaniel.rei.api.common.registry.display.DisplayConsumer$RecipeManagerConsumer$RecipeFillerBuilder$$Lambda/0x00007993b90ae6d8@3aa99292
[04:45:50] [Server thread/DEBUG] [REI] Added display filter: me.shedaniel.rei.api.common.registry.display.DisplayConsumer$RecipeManagerConsumer$RecipeFillerBuilder$$Lambda/0x00007993b90b0000@423c61da
[04:45:50] [Server thread/DEBUG] [REI] Added display filter: me.shedaniel.rei.api.common.registry.display.DisplayConsumer$RecipeManagerConsumer$RecipeFillerBuilder$$Lambda/0x00007993b90b0000@d2b6167
[04:45:50] [Server thread/DEBUG] [REI] Added display filter: me.shedaniel.rei.api.common.registry.display.DisplayConsumer$RecipeManagerConsumer$RecipeFillerBuilder$$Lambda/0x00007993b90b0000@487cbe08
[04:45:50] [Server thread/DEBUG] [REI] Added display filter: me.shedaniel.rei.api.common.registry.display.DisplayConsumer$RecipeManagerConsumer$RecipeFillerBuilder$$Lambda/0x00007993b90b0000@46c36e2b
[04:45:50] [Server thread/DEBUG] [REI] Added display filter: me.shedaniel.rei.api.common.registry.display.DisplayConsumer$RecipeManagerConsumer$RecipeFillerBuilder$$Lambda/0x00007993b90b0000@67d0e598
[04:45:50] [Server thread/DEBUG] [REI] Added display filter: me.shedaniel.rei.api.common.registry.display.DisplayConsumer$RecipeManagerConsumer$RecipeFillerBuilder$$Lambda/0x00007993b90b0000@31a6905c
[04:45:50] [Server thread/DEBUG] [REI] Added display filter: me.shedaniel.rei.api.common.registry.display.DisplayConsumer$RecipeManagerConsumer$RecipeFillerBuilder$$Lambda/0x00007993b90b0000@1c07e49e
[04:45:50] [Server thread/DEBUG] [REI] Added display filter: me.shedaniel.rei.api.common.registry.display.DisplayConsumer$RecipeManagerConsumer$RecipeFillerBuilder$$Lambda/0x00007993b90b0000@41e86303
[04:45:50] [Server thread/DEBUG] [REI] Added display filter: me.shedaniel.rei.api.common.registry.display.DisplayConsumer$RecipeManagerConsumer$RecipeFillerBuilder$$Lambda/0x00007993b90b0000@21f4b283
[04:45:50] [Server thread/TRACE] [REI] [REICommonPlugin END] Reloading Section: "reloadable-plugin/ServerDisplayRegistryImpl/DefaultPlugin of DefaultPlugin [roughlyenoughitems]/" done in 5.820 ms
[04:45:50] [Server thread/TRACE] [REI] [REICommonPlugin END] Reloading Section: "reloadable-plugin/ServerDisplayRegistryImpl/FabricFluidAPISupportPlugin/"
[04:45:50] [Server thread/TRACE] [REI] [REICommonPlugin END] Reloading Section: "reloadable-plugin/ServerDisplayRegistryImpl/FabricFluidAPISupportPlugin/" done in 64.98 μs
[04:45:50] [Server thread/TRACE] [REI] [REICommonPlugin END] Reloading Section: "reloadable-plugin/ServerDisplayRegistryImpl/DefaultRuntimePlugin of DefaultRuntimePlugin [roughlyenoughitems]/"
[04:45:50] [Server thread/TRACE] [REI] [REICommonPlugin END] Reloading Section: "reloadable-plugin/ServerDisplayRegistryImpl/DefaultRuntimePlugin of DefaultRuntimePlugin [roughlyenoughitems]/" done in 56.63 μs
[04:45:50] [Server thread/TRACE] [REI] [REICommonPlugin END] Reloading Section: "reloadable-plugin/ServerDisplayRegistryImpl/CommonREIPlugin of CommonREIPlugin [farmersdelight]/"
[04:45:50] [Server thread/DEBUG] [REI] Added display filter: me.shedaniel.rei.api.common.registry.display.DisplayConsumer$RecipeManagerConsumer$RecipeFillerBuilder$$Lambda/0x00007993b90ae6d8@7d5d181
[04:45:50] [Server thread/DEBUG] [REI] Added display filter: me.shedaniel.rei.api.common.registry.display.DisplayConsumer$RecipeManagerConsumer$RecipeFillerBuilder$$Lambda/0x00007993b90ae6d8@143908e
[04:45:50] [Server thread/TRACE] [REI] [REICommonPlugin END] Reloading Section: "reloadable-plugin/ServerDisplayRegistryImpl/CommonREIPlugin of CommonREIPlugin [farmersdelight]/" done in 3.797 ms
[04:45:50] [Server thread/TRACE] [REI] [REICommonPlugin END] Reloading Section: "reloadable-plugin/ServerDisplayRegistryImpl/" done in 10.37 ms
[04:45:50] [Server thread/TRACE] [REI] [REICommonPlugin END] Reloading Section: "reloadable-plugin/FluidSupportProviderImpl/"
[04:45:50] [Server thread/TRACE] [REI] [REICommonPlugin END] Reloading Section: "reloadable-plugin/FluidSupportProviderImpl/DefaultPlugin of DefaultPlugin [roughlyenoughitems]/"
[04:45:50] [Server thread/TRACE] [REI] [REICommonPlugin END] Reloading Section: "reloadable-plugin/FluidSupportProviderImpl/DefaultPlugin of DefaultPlugin [roughlyenoughitems]/" done in 48.01 μs
[04:45:50] [Server thread/TRACE] [REI] [REICommonPlugin END] Reloading Section: "reloadable-plugin/FluidSupportProviderImpl/FabricFluidAPISupportPlugin/"
[04:45:50] [Server thread/TRACE] [REI] [REICommonPlugin END] Reloading Section: "reloadable-plugin/FluidSupportProviderImpl/FabricFluidAPISupportPlugin/" done in 42.70 μs
[04:45:50] [Server thread/TRACE] [REI] [REICommonPlugin END] Reloading Section: "reloadable-plugin/FluidSupportProviderImpl/DefaultRuntimePlugin of DefaultRuntimePlugin [roughlyenoughitems]/"
[04:45:50] [Server thread/TRACE] [REI] [REICommonPlugin END] Reloading Section: "reloadable-plugin/FluidSupportProviderImpl/DefaultRuntimePlugin of DefaultRuntimePlugin [roughlyenoughitems]/" done in 40.23 μs
[04:45:50] [Server thread/TRACE] [REI] [REICommonPlugin END] Reloading Section: "reloadable-plugin/FluidSupportProviderImpl/CommonREIPlugin of CommonREIPlugin [farmersdelight]/"
[04:45:50] [Server thread/TRACE] [REI] [REICommonPlugin END] Reloading Section: "reloadable-plugin/FluidSupportProviderImpl/CommonREIPlugin of CommonREIPlugin [farmersdelight]/" done in 49.24 μs
[04:45:50] [Server thread/TRACE] [REI] [REICommonPlugin END] Reloading Section: "reloadable-plugin/FluidSupportProviderImpl/" done in 619.2 μs
[04:45:50] [Server thread/DEBUG] [REI] ========================================
[04:45:50] [Server thread/DEBUG] [REI] REICommonPlugin ending main-reload for END.
[04:45:50] [Server thread/DEBUG] [REI] ========================================
[04:45:50] [Server thread/TRACE] [REI] [REICommonPlugin END] Reloading Section: "end-reload/"
[04:45:50] [Server thread/TRACE] [REI] [REICommonPlugin END] Reloading Section: "end-reload/SlotAccessorRegistryImpl/"
[04:45:50] [Server thread/DEBUG] [REI] Registered 2 slot accessor serializers
[04:45:50] [Server thread/TRACE] [REI] [REICommonPlugin END] Reloading Section: "end-reload/SlotAccessorRegistryImpl/" done in 115.8 μs
[04:45:50] [Server thread/TRACE] [REI] [REICommonPlugin END] Reloading Section: "end-reload/EntryTypeRegistryImpl/"
[04:45:50] [Server thread/TRACE] [REI] [REICommonPlugin END] Reloading Section: "end-reload/EntryTypeRegistryImpl/" done in 36.81 μs
[04:45:50] [Server thread/TRACE] [REI] [REICommonPlugin END] Reloading Section: "end-reload/EntrySettingsAdapterRegistryImpl/"
[04:45:50] [Server thread/TRACE] [REI] [REICommonPlugin END] Reloading Section: "end-reload/EntrySettingsAdapterRegistryImpl/" done in 33.89 μs
[04:45:50] [Server thread/TRACE] [REI] [REICommonPlugin END] Reloading Section: "end-reload/ItemComparatorRegistryImpl/"
[04:45:50] [Server thread/TRACE] [REI] [REICommonPlugin END] Reloading Section: "end-reload/ItemComparatorRegistryImpl/" done in 34.62 μs
[04:45:50] [Server thread/TRACE] [REI] [REICommonPlugin END] Reloading Section: "end-reload/FluidComparatorRegistryImpl/"
[04:45:50] [Server thread/TRACE] [REI] [REICommonPlugin END] Reloading Section: "end-reload/FluidComparatorRegistryImpl/" done in 36.22 μs
[04:45:50] [Server thread/TRACE] [REI] [REICommonPlugin END] Reloading Section: "end-reload/DisplaySerializerRegistryImpl/"
[04:45:50] [Server thread/TRACE] [REI] [REICommonPlugin END] Reloading Section: "end-reload/DisplaySerializerRegistryImpl/" done in 37.16 μs
[04:45:50] [Server thread/TRACE] [REI] [REICommonPlugin END] Reloading Section: "end-reload/ServerDisplayRegistryImpl/"
[04:45:50] [Server thread/DEBUG] [REI] Found preliminary 11 displays
[04:45:50] [Server thread/DEBUG] [REI] Filled 2120 displays from recipe manager in 64.58 ms
[04:45:50] [Server thread/TRACE] [REI] [REICommonPlugin END] Reloading Section: "end-reload/ServerDisplayRegistryImpl/" done in 65.10 ms
[04:45:50] [Server thread/TRACE] [REI] [REICommonPlugin END] Reloading Section: "end-reload/FluidSupportProviderImpl/"
[04:45:50] [Server thread/TRACE] [REI] [REICommonPlugin END] Reloading Section: "end-reload/FluidSupportProviderImpl/" done in 34.82 μs
[04:45:50] [Server thread/TRACE] [REI] [REICommonPlugin END] Reloading Section: "end-reload/" done in 66.14 ms
[04:45:50] [Server thread/DEBUG] [REI] ========================================
[04:45:50] [Server thread/DEBUG] [REI] REICommonPlugin ended main-reload for END in 86.97 ms.
[04:45:50] [Server thread/DEBUG] [REI] ========================================
[04:45:50] [Server thread/DEBUG] [REI] ========================================
[04:45:50] [Server thread/DEBUG] [REI] REICommonPlugin starting post-reload for END.
[04:45:50] [Server thread/DEBUG] [REI] Reloadables (8):
[04:45:50] [Server thread/DEBUG] [REI]  - SlotAccessorRegistryImpl
[04:45:50] [Server thread/DEBUG] [REI]  - EntryTypeRegistryImpl
[04:45:50] [Server thread/DEBUG] [REI]  - EntrySettingsAdapterRegistryImpl
[04:45:50] [Server thread/DEBUG] [REI]  - ItemComparatorRegistryImpl
[04:45:50] [Server thread/DEBUG] [REI]  - FluidComparatorRegistryImpl
[04:45:50] [Server thread/DEBUG] [REI]  - DisplaySerializerRegistryImpl
[04:45:50] [Server thread/DEBUG] [REI]  - ServerDisplayRegistryImpl
[04:45:50] [Server thread/DEBUG] [REI]  - FluidSupportProviderImpl
[04:45:50] [Server thread/DEBUG] [REI] Plugins (4):
[04:45:50] [Server thread/DEBUG] [REI]  - (-100.00) DefaultPlugin of DefaultPlugin [roughlyenoughitems]
[04:45:50] [Server thread/DEBUG] [REI]  - (0.00) FabricFluidAPISupportPlugin
[04:45:50] [Server thread/DEBUG] [REI]  - (0.00) DefaultRuntimePlugin of DefaultRuntimePlugin [roughlyenoughitems]
[04:45:50] [Server thread/DEBUG] [REI]  - (0.00) CommonREIPlugin of CommonREIPlugin [farmersdelight]
[04:45:50] [Server thread/DEBUG] [REI] ========================================
[04:45:50] [Server thread/TRACE] [REI] [REICommonPlugin END] Reloading Section: "post-register/"
[04:45:50] [Server thread/TRACE] [REI] [REICommonPlugin END] Reloading Section: "post-register/DefaultPlugin of DefaultPlugin [roughlyenoughitems]/"
[04:45:50] [Server thread/TRACE] [REI] [REICommonPlugin END] Reloading Section: "post-register/DefaultPlugin of DefaultPlugin [roughlyenoughitems]/" done in 58.11 μs
[04:45:50] [Server thread/TRACE] [REI] [REICommonPlugin END] Reloading Section: "post-register/FabricFluidAPISupportPlugin/"
[04:45:50] [Server thread/TRACE] [REI] [REICommonPlugin END] Reloading Section: "post-register/FabricFluidAPISupportPlugin/" done in 66.70 μs
[04:45:50] [Server thread/TRACE] [REI] [REICommonPlugin END] Reloading Section: "post-register/DefaultRuntimePlugin of DefaultRuntimePlugin [roughlyenoughitems]/"
[04:45:50] [Server thread/TRACE] [REI] [REICommonPlugin END] Reloading Section: "post-register/DefaultRuntimePlugin of DefaultRuntimePlugin [roughlyenoughitems]/" done in 53.23 μs
[04:45:50] [Server thread/TRACE] [REI] [REICommonPlugin END] Reloading Section: "post-register/CommonREIPlugin of CommonREIPlugin [farmersdelight]/"
[04:45:50] [Server thread/TRACE] [REI] [REICommonPlugin END] Reloading Section: "post-register/CommonREIPlugin of CommonREIPlugin [farmersdelight]/" done in 57.66 μs
[04:45:50] [Server thread/TRACE] [REI] [REICommonPlugin END] Reloading Section: "post-register/" done in 771.5 μs
[04:45:50] [Server thread/TRACE] [REI] [REICommonPlugin END] Reloading Section: "post-stage/"
[04:45:50] [Server thread/TRACE] [REI] [REICommonPlugin END] Reloading Section: "post-stage/SlotAccessorRegistryImpl/"
[04:45:50] [Server thread/TRACE] [REI] [REICommonPlugin END] Reloading Section: "post-stage/SlotAccessorRegistryImpl/" done in 44.19 μs
[04:45:50] [Server thread/TRACE] [REI] [REICommonPlugin END] Reloading Section: "post-stage/EntryTypeRegistryImpl/"
[04:45:50] [Server thread/TRACE] [REI] [REICommonPlugin END] Reloading Section: "post-stage/EntryTypeRegistryImpl/" done in 39.64 μs
[04:45:50] [Server thread/TRACE] [REI] [REICommonPlugin END] Reloading Section: "post-stage/EntrySettingsAdapterRegistryImpl/"
[04:45:50] [Server thread/TRACE] [REI] [REICommonPlugin END] Reloading Section: "post-stage/EntrySettingsAdapterRegistryImpl/" done in 70.98 μs
[04:45:50] [Server thread/TRACE] [REI] [REICommonPlugin END] Reloading Section: "post-stage/ItemComparatorRegistryImpl/"
[04:45:50] [Server thread/TRACE] [REI] [REICommonPlugin END] Reloading Section: "post-stage/ItemComparatorRegistryImpl/" done in 47.79 μs
[04:45:50] [Server thread/TRACE] [REI] [REICommonPlugin END] Reloading Section: "post-stage/FluidComparatorRegistryImpl/"
[04:45:50] [Server thread/TRACE] [REI] [REICommonPlugin END] Reloading Section: "post-stage/FluidComparatorRegistryImpl/" done in 40.65 μs
[04:45:50] [Server thread/TRACE] [REI] [REICommonPlugin END] Reloading Section: "post-stage/DisplaySerializerRegistryImpl/"
[04:45:50] [Server thread/TRACE] [REI] [REICommonPlugin END] Reloading Section: "post-stage/DisplaySerializerRegistryImpl/" done in 45.78 μs
[04:45:50] [Server thread/TRACE] [REI] [REICommonPlugin END] Reloading Section: "post-stage/ServerDisplayRegistryImpl/"
[04:45:50] [Server thread/TRACE] [REI] [REICommonPlugin END] Reloading Section: "post-stage/ServerDisplayRegistryImpl/" done in 85.79 μs
[04:45:50] [Server thread/TRACE] [REI] [REICommonPlugin END] Reloading Section: "post-stage/FluidSupportProviderImpl/"
[04:45:50] [Server thread/TRACE] [REI] [REICommonPlugin END] Reloading Section: "post-stage/FluidSupportProviderImpl/" done in 68.30 μs
[04:45:50] [Server thread/TRACE] [REI] [REICommonPlugin END] Reloading Section: "post-stage/" done in 1.257 ms
[04:45:50] [Server thread/DEBUG] [REI] ========================================
[04:45:50] [Server thread/INFO] [REI] REICommonPlugin finished post-reload for END in 2.182 ms, totaling 90.97 ms.
[04:45:50] [Server thread/DEBUG] [REI] ========================================
[04:45:51] [Server thread/DEBUG] [REI] Updating players with new displays version D52F2A4C00000001 [from D52F2A4C00000000]
[04:47:49] [Server thread/DEBUG] [REI] Player Simon has outdated displays version 0 [latest version: D52F2A4C00000001]
[04:47:49] [Server thread/DEBUG] [REI] Player Simon has outdated displays version 0 [latest version: D52F2A4C00000001], sending reset packet request.
[04:47:49] [Server thread/DEBUG] [REI] Failed to encode display: vectorwing.farmersdelight.integration.rei.display.DecompositionDisplay@608f0db3
java.lang.IllegalStateException: Can't encode 'vectorwing.farmersdelight.integration.rei.display.DecompositionDisplay@608f0db3', expected 'vectorwing.farmersdelight.integration.rei.display.DecompositionDisplay@15fcb5f3'
	at knot//net.minecraft.class_9139$11.encode(class_9139.java:61)
	at knot//net.minecraft.class_9139$14.encode(class_9139.java:121)
	at knot//me.shedaniel.rei.impl.common.networking.DisplaySyncPacket$1.encode(DisplaySyncPacket.java:60)
	at knot//me.shedaniel.rei.impl.common.networking.DisplaySyncPacket$1.encode(DisplaySyncPacket.java:55)
	at knot//net.minecraft.class_9135$17.method_71578(class_9135.java:458)
	at knot//net.minecraft.class_9135$17.encode(class_9135.java:443)
	at knot//net.minecraft.class_9139$12.encode(class_9139.java:85)
	at knot//net.minecraft.class_9139$17.encode(class_9139.java:184)
	at knot//dev.architectury.impl.NetworkAggregator.collectPackets(NetworkAggregator.java:146)
	at knot//dev.architectury.networking.NetworkManager.collectPackets(NetworkManager.java:137)
	at knot//me.shedaniel.rei.impl.common.registry.displays.ServerDisplayRegistryImpl.getResetPackets(ServerDisplayRegistryImpl.java:146)
	at knot//me.shedaniel.rei.impl.common.registry.displays.ServerDisplayRegistryImpl.lambda$updatePlayers$6(ServerDisplayRegistryImpl.java:100)
	at knot//com.google.common.base.Suppliers$NonSerializableMemoizingSupplier.get(Suppliers.java:200)
	at knot//me.shedaniel.rei.impl.common.registry.displays.ServerDisplayRegistryImpl.updatePlayers(ServerDisplayRegistryImpl.java:115)
	at knot//me.shedaniel.rei.impl.common.registry.displays.ServerDisplayRegistryImpl.lambda$new$3(ServerDisplayRegistryImpl.java:87)
	at knot//dev.architectury.event.fabric.EventHandlerImpl.lambda$registerCommon$14(EventHandlerImpl.java:72)
	at knot//net.fabricmc.fabric.api.event.lifecycle.v1.ServerTickEvents.lambda$static$2(ServerTickEvents.java:55)
	at knot//net.minecraft.server.MinecraftServer.handler$zgm000$fabric-lifecycle-events-v1$onEndTick(MinecraftServer.java:2722)
	at knot//net.minecraft.server.MinecraftServer.method_3748(MinecraftServer.java:971)
	at knot//net.minecraft.server.MinecraftServer.method_29741(MinecraftServer.java:707)
	at knot//net.minecraft.server.MinecraftServer.method_29739(MinecraftServer.java:291)
	at java.base/java.lang.Thread.run(Thread.java:1583)
